[35m[1mScanning dependencies of target _navigation_generate_messages_check_deps_PickUpPoseFeedback[0m
[35m[1mScanning dependencies of target navigation_gencfg[0m
[35m[1mScanning dependencies of target _navigation_generate_messages_check_deps_PickUpPoseResult[0m
[35m[1mScanning dependencies of target _navigation_generate_messages_check_deps_PickUpPoseActionFeedback[0m
[35m[1mScanning dependencies of target _navigation_generate_messages_check_deps_PickUpPoseActionResult[0m
[  1%] [34m[1mGenerating dynamic reconfigure files from cfg/SphericalGrasp.cfg: /home/pal/intership_project/devel/.private/navigation/include/navigation/SphericalGraspConfig.h /home/pal/intership_project/devel/.private/navigation/lib/python2.7/dist-packages/navigation/cfg/SphericalGraspConfig.py[0m
[  1%] Built target _navigation_generate_messages_check_deps_PickUpPoseActionFeedback
[  1%] Built target _navigation_generate_messages_check_deps_PickUpPoseResult
[  1%] Built target _navigation_generate_messages_check_deps_NavigationActionGoal
[  1%] Built target _navigation_generate_messages_check_deps_PickUpPoseFeedback
[  1%] Built target _navigation_generate_messages_check_deps_LocalisationFeedback
[  1%] Built target _navigation_generate_messages_check_deps_NavigationActionResult
[  1%] Built target _navigation_generate_messages_check_deps_NavigationGoal
[  1%] Built target _navigation_generate_messages_check_deps_PickUpPoseActionResult
[  1%] Built target _navigation_generate_messages_check_deps_LocalisationResult
[  1%] Built target _navigation_generate_messages_check_deps_LocalisationActionFeedback
[  1%] Built target _navigation_generate_messages_check_deps_LocalisationGoal
[35m[1mScanning dependencies of target _navigation_generate_messages_check_deps_PickUpPoseActionGoal[0m
[  1%] Built target geometry_msgs_generate_messages_nodejs
[35m[1mScanning dependencies of target _navigation_generate_messages_check_deps_PickUpPoseAction[0m
[  1%] Built target actionlib_msgs_generate_messages_nodejs
[35m[1mScanning dependencies of target _navigation_generate_messages_check_deps_PickUpPoseGoal[0m
[  1%] Built target _navigation_generate_messages_check_deps_PickUpPoseActionGoal
[  1%] Built target _navigation_generate_messages_check_deps_move_base
[  1%] Built target _navigation_generate_messages_check_deps_NavigationActionFeedback
[  1%] Built target _navigation_generate_messages_check_deps_NavigationResult
[  1%] Built target _navigation_generate_messages_check_deps_LocalisationAction
[  1%] Built target _navigation_generate_messages_check_deps_PickUpPoseAction
[  1%] Built target _navigation_generate_messages_check_deps_LocalisationActionGoal
[  1%] Built target _navigation_generate_messages_check_deps_NavigationAction
[  1%] Built target _navigation_generate_messages_check_deps_LocalisationActionResult
[  1%] Built target actionlib_msgs_generate_messages_py
[  1%] Built target actionlib_msgs_generate_messages_lisp
[  1%] Built target geometry_msgs_generate_messages_lisp
[  1%] Built target geometry_msgs_generate_messages_py
[  1%] Built target actionlib_msgs_generate_messages_eus
[  1%] Built target _navigation_generate_messages_check_deps_PickUpPoseGoal
[  1%] Built target _navigation_generate_messages_check_deps_NavigationFeedback
[  1%] Built target geometry_msgs_generate_messages_eus
[  1%] Built target actionlib_msgs_generate_messages_cpp
[  1%] Built target geometry_msgs_generate_messages_cpp
[  3%] [34m[1mGenerating Javascript code from navigation/PickUpPoseActionGoal.msg[0m
[  3%] [34m[1mGenerating Javascript code from navigation/PickUpPoseGoal.msg[0m
[  4%] [34m[1mGenerating Javascript code from navigation/PickUpPoseAction.msg[0m
[  6%] [34m[1mGenerating Javascript code from navigation/PickUpPoseResult.msg[0m
[  6%] [34m[1mGenerating Python from MSG navigation/PickUpPoseGoal[0m
[  6%] [34m[1mGenerating Javascript code from navigation/PickUpPoseActionFeedback.msg[0m
[  7%] [34m[1mGenerating Javascript code from navigation/PickUpPoseFeedback.msg[0m
[  8%] [34m[1mGenerating Lisp code from navigation/PickUpPoseGoal.msg[0m
[  9%] [34m[1mGenerating Javascript code from navigation/PickUpPoseActionResult.msg[0m
[ 10%] [34m[1mGenerating EusLisp code from navigation/PickUpPoseGoal.msg[0m
[ 11%] [34m[1mGenerating C++ code from navigation/PickUpPoseGoal.msg[0m
Generating reconfiguration files for SphericalGrasp in spherical_grasps_server
Wrote header file in /home/pal/intership_project/devel/.private/navigation/include/navigation/SphericalGraspConfig.h
[ 13%] [34m[1mGenerating Python from MSG navigation/PickUpPoseActionFeedback[0m
[ 13%] [34m[1mGenerating Lisp code from navigation/PickUpPoseActionFeedback.msg[0m
[ 14%] [34m[1mGenerating Python from MSG navigation/PickUpPoseResult[0m
[ 14%] [34m[1mGenerating Python from MSG navigation/PickUpPoseAction[0m
[ 15%] [34m[1mGenerating EusLisp code from navigation/PickUpPoseActionFeedback.msg[0m
[ 16%] [34m[1mGenerating EusLisp code from navigation/PickUpPoseAction.msg[0m
[ 28%] Built target navigation_generate_messages_nodejs
[ 28%] [34m[1mGenerating EusLisp code from navigation/PickUpPoseResult.msg[0m
[ 29%] [34m[1mGenerating EusLisp code from navigation/PickUpPoseActionGoal.msg[0m
[ 30%] [34m[1mGenerating EusLisp code from navigation/PickUpPoseActionResult.msg[0m
[ 30%] Built target navigation_gencfg
[ 31%] [34m[1mGenerating EusLisp code from navigation/PickUpPoseFeedback.msg[0m
[ 32%] [34m[1mGenerating Python from MSG navigation/PickUpPoseActionGoal[0m
[ 33%] [34m[1mGenerating Lisp code from navigation/PickUpPoseAction.msg[0m
[ 34%] [34m[1mGenerating Lisp code from navigation/PickUpPoseResult.msg[0m
[ 35%] [34m[1mGenerating Lisp code from navigation/PickUpPoseActionGoal.msg[0m
[ 35%] [34m[1mGenerating Python from MSG navigation/PickUpPoseActionResult[0m
[ 38%] [34m[1mGenerating Lisp code from navigation/PickUpPoseActionResult.msg[0m
[ 38%] [34m[1mGenerating Python from MSG navigation/PickUpPoseFeedback[0m
[ 39%] [34m[1mGenerating Lisp code from navigation/PickUpPoseFeedback.msg[0m
[ 39%] [34m[1mGenerating C++ code from navigation/PickUpPoseActionFeedback.msg[0m
[ 41%] [34m[1mGenerating C++ code from navigation/PickUpPoseResult.msg[0m
[ 41%] [34m[1mGenerating C++ code from navigation/PickUpPoseAction.msg[0m
[ 42%] [34m[1mGenerating C++ code from navigation/PickUpPoseActionGoal.msg[0m
[ 55%] Built target navigation_generate_messages_eus
[ 56%] [34m[1mGenerating C++ code from navigation/PickUpPoseActionResult.msg[0m
[ 57%] [34m[1mGenerating C++ code from navigation/PickUpPoseFeedback.msg[0m
[ 70%] Built target navigation_generate_messages_lisp
[ 71%] [34m[1mGenerating Python srv __init__.py for navigation[0m
[ 72%] [34m[1mGenerating Python msg __init__.py for navigation[0m
[ 86%] Built target navigation_generate_messages_py
[100%] Built target navigation_generate_messages_cpp
[100%] Built target navigation_generate_messages
