[35m[1mScanning dependencies of target _navigation_generate_messages_check_deps_LocalisationActionFeedback[0m
[35m[1mScanning dependencies of target _navigation_generate_messages_check_deps_LocalisationFeedback[0m
[35m[1mScanning dependencies of target _navigation_generate_messages_check_deps_NavigationGoal[0m
[35m[1mScanning dependencies of target geometry_msgs_generate_messages_eus[0m
[35m[1mScanning dependencies of target actionlib_msgs_generate_messages_eus[0m
[35m[1mScanning dependencies of target _navigation_generate_messages_check_deps_LocalisationGoal[0m
[35m[1mScanning dependencies of target _navigation_generate_messages_check_deps_NavigationActionGoal[0m
[35m[1mScanning dependencies of target _navigation_generate_messages_check_deps_NavigationActionFeedback[0m
[35m[1mScanning dependencies of target _navigation_generate_messages_check_deps_LocalisationResult[0m
[35m[1mScanning dependencies of target _navigation_generate_messages_check_deps_LocalisationActionResult[0m
[35m[1mScanning dependencies of target _navigation_generate_messages_check_deps_NavigationFeedback[0m
[35m[1mScanning dependencies of target _navigation_generate_messages_check_deps_move_base[0m
[  0%] Built target actionlib_msgs_generate_messages_eus
[  0%] Built target geometry_msgs_generate_messages_eus
[35m[1mScanning dependencies of target _navigation_generate_messages_check_deps_NavigationResult[0m
[35m[1mScanning dependencies of target _navigation_generate_messages_check_deps_LocalisationAction[0m
[  0%] Built target _navigation_generate_messages_check_deps_move_base
[  0%] Built target _navigation_generate_messages_check_deps_NavigationFeedback
[  0%] Built target _navigation_generate_messages_check_deps_NavigationActionFeedback
[  0%] Built target _navigation_generate_messages_check_deps_LocalisationFeedback
[  0%] Built target _navigation_generate_messages_check_deps_LocalisationActionResult
[  0%] Built target _navigation_generate_messages_check_deps_NavigationActionGoal
[  0%] Built target _navigation_generate_messages_check_deps_LocalisationGoal
[  0%] Built target _navigation_generate_messages_check_deps_NavigationGoal
[  0%] Built target _navigation_generate_messages_check_deps_LocalisationResult
[  0%] Built target _navigation_generate_messages_check_deps_LocalisationActionFeedback
[35m[1mScanning dependencies of target geometry_msgs_generate_messages_nodejs[0m
[35m[1mScanning dependencies of target _navigation_generate_messages_check_deps_LocalisationActionGoal[0m
[35m[1mScanning dependencies of target actionlib_msgs_generate_messages_py[0m
[35m[1mScanning dependencies of target geometry_msgs_generate_messages_py[0m
[35m[1mScanning dependencies of target _navigation_generate_messages_check_deps_NavigationActionResult[0m
[35m[1mScanning dependencies of target actionlib_msgs_generate_messages_lisp[0m
[35m[1mScanning dependencies of target _navigation_generate_messages_check_deps_NavigationAction[0m
[35m[1mScanning dependencies of target actionlib_msgs_generate_messages_cpp[0m
[35m[1mScanning dependencies of target geometry_msgs_generate_messages_lisp[0m
[35m[1mScanning dependencies of target actionlib_msgs_generate_messages_nodejs[0m
[  0%] Built target geometry_msgs_generate_messages_nodejs
[  0%] Built target actionlib_msgs_generate_messages_py
[  0%] Built target geometry_msgs_generate_messages_py
[  0%] Built target actionlib_msgs_generate_messages_lisp
[  0%] Built target geometry_msgs_generate_messages_lisp
[  0%] Built target actionlib_msgs_generate_messages_cpp
[  0%] Built target _navigation_generate_messages_check_deps_NavigationResult
[  0%] Built target _navigation_generate_messages_check_deps_LocalisationAction
[  0%] Built target actionlib_msgs_generate_messages_nodejs
[35m[1mScanning dependencies of target geometry_msgs_generate_messages_cpp[0m
[  0%] Built target geometry_msgs_generate_messages_cpp
[  0%] Built target _navigation_generate_messages_check_deps_NavigationAction
[  0%] Built target _navigation_generate_messages_check_deps_NavigationActionResult
[  0%] Built target _navigation_generate_messages_check_deps_LocalisationActionGoal
[35m[1mScanning dependencies of target navigation_generate_messages_lisp[0m
[35m[1mScanning dependencies of target navigation_generate_messages_eus[0m
[35m[1mScanning dependencies of target navigation_generate_messages_nodejs[0m
[35m[1mScanning dependencies of target navigation_generate_messages_py[0m
[35m[1mScanning dependencies of target navigation_generate_messages_cpp[0m
[  7%] [34m[1mGenerating Python from MSG navigation/NavigationActionGoal[0m
[ 11%] [34m[1mGenerating EusLisp code from navigation/NavigationActionGoal.msg[0m
[ 11%] [34m[1mGenerating Javascript code from navigation/LocalisationGoal.msg[0m
[ 11%] [34m[1mGenerating Lisp code from navigation/LocalisationGoal.msg[0m
[ 12%] [34m[1mGenerating C++ code from navigation/LocalisationGoal.msg[0m
[ 14%] [34m[1mGenerating EusLisp code from navigation/NavigationActionFeedback.msg[0m
[ 15%] [34m[1mGenerating Javascript code from navigation/NavigationActionFeedback.msg[0m
[  7%] [34m[1mGenerating Javascript code from navigation/NavigationActionGoal.msg[0m
[  7%] [34m[1mGenerating Lisp code from navigation/NavigationActionGoal.msg[0m
[ 11%] [34m[1mGenerating Python from MSG navigation/LocalisationGoal[0m
[ 11%] [34m[1mGenerating C++ code from navigation/NavigationActionGoal.msg[0m
[ 11%] [34m[1mGenerating EusLisp code from navigation/LocalisationGoal.msg[0m
[ 16%] [34m[1mGenerating C++ code from navigation/NavigationActionFeedback.msg[0m
[ 17%] [34m[1mGenerating Python from MSG navigation/NavigationActionFeedback[0m
[ 20%] [34m[1mGenerating Lisp code from navigation/NavigationActionFeedback.msg[0m
[ 20%] [34m[1mGenerating Lisp code from navigation/NavigationActionResult.msg[0m
[ 21%] [34m[1mGenerating Javascript code from navigation/NavigationActionResult.msg[0m
[ 23%] [34m[1mGenerating Javascript code from navigation/LocalisationActionGoal.msg[0m
[ 24%] [34m[1mGenerating EusLisp code from navigation/NavigationActionResult.msg[0m
[ 25%] [34m[1mGenerating Javascript code from navigation/LocalisationActionResult.msg[0m
[ 26%] [34m[1mGenerating Javascript code from navigation/LocalisationResult.msg[0m
[ 28%] [34m[1mGenerating Javascript code from navigation/NavigationFeedback.msg[0m
[ 29%] [34m[1mGenerating Lisp code from navigation/LocalisationActionResult.msg[0m
[ 30%] [34m[1mGenerating Javascript code from navigation/LocalisationActionFeedback.msg[0m
[ 32%] [34m[1mGenerating Lisp code from navigation/LocalisationActionGoal.msg[0m
[ 33%] [34m[1mGenerating Python from MSG navigation/NavigationActionResult[0m
[ 34%] [34m[1mGenerating Javascript code from navigation/LocalisationAction.msg[0m
[ 35%] [34m[1mGenerating Lisp code from navigation/LocalisationResult.msg[0m
[ 37%] [34m[1mGenerating Python from MSG navigation/LocalisationActionGoal[0m
[ 38%] [34m[1mGenerating Python from MSG navigation/LocalisationActionResult[0m
[ 39%] [34m[1mGenerating EusLisp code from navigation/LocalisationActionGoal.msg[0m
[ 41%] [34m[1mGenerating C++ code from navigation/NavigationActionResult.msg[0m
[ 42%] [34m[1mGenerating EusLisp code from navigation/LocalisationActionResult.msg[0m
[ 43%] [34m[1mGenerating Lisp code from navigation/NavigationFeedback.msg[0m
[ 44%] [34m[1mGenerating Python from MSG navigation/NavigationFeedback[0m
[ 46%] [34m[1mGenerating Python from MSG navigation/LocalisationResult[0m
[ 47%] [34m[1mGenerating Lisp code from navigation/LocalisationActionFeedback.msg[0m
[ 48%] [34m[1mGenerating Javascript code from navigation/NavigationGoal.msg[0m
[ 50%] [34m[1mGenerating Javascript code from navigation/NavigationResult.msg[0m
[ 51%] [34m[1mGenerating Javascript code from navigation/NavigationAction.msg[0m
[ 52%] [34m[1mGenerating C++ code from navigation/LocalisationActionGoal.msg[0m
[ 53%] [34m[1mGenerating Python from MSG navigation/LocalisationActionFeedback[0m
[ 55%] [34m[1mGenerating C++ code from navigation/LocalisationActionResult.msg[0m
[ 56%] [34m[1mGenerating Lisp code from navigation/LocalisationAction.msg[0m
[ 57%] [34m[1mGenerating C++ code from navigation/LocalisationResult.msg[0m
[ 58%] [34m[1mGenerating C++ code from navigation/NavigationFeedback.msg[0m
[ 60%] [34m[1mGenerating Lisp code from navigation/NavigationGoal.msg[0m
[ 61%] [34m[1mGenerating EusLisp code from navigation/LocalisationResult.msg[0m
[ 62%] [34m[1mGenerating C++ code from navigation/LocalisationActionFeedback.msg[0m
[ 64%] [34m[1mGenerating Python from MSG navigation/LocalisationAction[0m
[ 65%] [34m[1mGenerating Javascript code from navigation/LocalisationFeedback.msg[0m
[ 66%] [34m[1mGenerating Javascript code from navigation/move_base.srv[0m
[ 67%] [34m[1mGenerating Lisp code from navigation/NavigationResult.msg[0m
[ 69%] [34m[1mGenerating C++ code from navigation/LocalisationAction.msg[0m
[ 70%] [34m[1mGenerating Lisp code from navigation/NavigationAction.msg[0m
[ 71%] [34m[1mGenerating EusLisp code from navigation/NavigationFeedback.msg[0m
[ 73%] [34m[1mGenerating C++ code from navigation/NavigationGoal.msg[0m
[ 73%] Built target navigation_generate_messages_nodejs
[ 74%] [34m[1mGenerating Python from MSG navigation/NavigationGoal[0m
[ 75%] [34m[1mGenerating C++ code from navigation/NavigationResult.msg[0m
[ 76%] [34m[1mGenerating C++ code from navigation/NavigationAction.msg[0m
[ 79%] [34m[1mGenerating Lisp code from navigation/LocalisationFeedback.msg[0m
[ 79%] [34m[1mGenerating C++ code from navigation/LocalisationFeedback.msg[0m
[ 80%] [34m[1mGenerating C++ code from navigation/move_base.srv[0m
[ 82%] [34m[1mGenerating Python from MSG navigation/NavigationResult[0m
[ 83%] [34m[1mGenerating EusLisp code from navigation/LocalisationAction.msg[0m
[ 84%] [34m[1mGenerating EusLisp code from navigation/LocalisationActionFeedback.msg[0m
[ 85%] [34m[1mGenerating Lisp code from navigation/move_base.srv[0m
[ 87%] [34m[1mGenerating EusLisp code from navigation/NavigationGoal.msg[0m
[ 88%] [34m[1mGenerating EusLisp code from navigation/NavigationResult.msg[0m
[ 88%] Built target navigation_generate_messages_lisp
[ 89%] [34m[1mGenerating EusLisp code from navigation/NavigationAction.msg[0m
[ 91%] [34m[1mGenerating Python from MSG navigation/NavigationAction[0m
[ 92%] [34m[1mGenerating Python from MSG navigation/LocalisationFeedback[0m
[ 93%] [34m[1mGenerating Python code from SRV navigation/move_base[0m
[ 94%] [34m[1mGenerating EusLisp code from navigation/LocalisationFeedback.msg[0m
[ 96%] [34m[1mGenerating EusLisp code from navigation/move_base.srv[0m
[ 97%] [34m[1mGenerating EusLisp manifest code for navigation[0m
[100%] [34m[1mGenerating Python msg __init__.py for navigation[0m
[100%] [34m[1mGenerating Python srv __init__.py for navigation[0m
[100%] Built target navigation_generate_messages_py
[100%] Built target navigation_generate_messages_cpp
[100%] Built target navigation_generate_messages_eus
[35m[1mScanning dependencies of target navigation_generate_messages[0m
[100%] Built target navigation_generate_messages
