Symlinking /home/stage_18_04/intership_project/devel/lib/pkgconfig/navigation.pc
Symlinking /home/stage_18_04/intership_project/devel/lib/python2.7/dist-packages/navigation/__init__.py
Symlinking /home/stage_18_04/intership_project/devel/lib/python2.7/dist-packages/navigation/msg/_LocalisationResult.py
Symlinking /home/stage_18_04/intership_project/devel/lib/python2.7/dist-packages/navigation/msg/_LocalisationFeedback.py
Symlinking /home/stage_18_04/intership_project/devel/lib/python2.7/dist-packages/navigation/msg/_NavigationActionResult.py
Symlinking /home/stage_18_04/intership_project/devel/lib/python2.7/dist-packages/navigation/msg/_NavigationActionGoal.py
Symlinking /home/stage_18_04/intership_project/devel/lib/python2.7/dist-packages/navigation/msg/_NavigationAction.py
Symlinking /home/stage_18_04/intership_project/devel/lib/python2.7/dist-packages/navigation/msg/__init__.py
Symlinking /home/stage_18_04/intership_project/devel/lib/python2.7/dist-packages/navigation/msg/_NavigationFeedback.py
Symlinking /home/stage_18_04/intership_project/devel/lib/python2.7/dist-packages/navigation/msg/_LocalisationAction.py
Symlinking /home/stage_18_04/intership_project/devel/lib/python2.7/dist-packages/navigation/msg/_NavigationActionFeedback.py
Symlinking /home/stage_18_04/intership_project/devel/lib/python2.7/dist-packages/navigation/msg/_LocalisationActionFeedback.py
Symlinking /home/stage_18_04/intership_project/devel/lib/python2.7/dist-packages/navigation/msg/_NavigationGoal.py
Symlinking /home/stage_18_04/intership_project/devel/lib/python2.7/dist-packages/navigation/msg/_NavigationResult.py
Symlinking /home/stage_18_04/intership_project/devel/lib/python2.7/dist-packages/navigation/msg/_LocalisationGoal.py
Symlinking /home/stage_18_04/intership_project/devel/lib/python2.7/dist-packages/navigation/msg/_LocalisationActionResult.py
Symlinking /home/stage_18_04/intership_project/devel/lib/python2.7/dist-packages/navigation/msg/_LocalisationActionGoal.py
Symlinking /home/stage_18_04/intership_project/devel/lib/python2.7/dist-packages/navigation/srv/__init__.py
Symlinking /home/stage_18_04/intership_project/devel/lib/python2.7/dist-packages/navigation/srv/_move_base.py
Symlinking /home/stage_18_04/intership_project/devel/include/navigation/NavigationGoal.h
Symlinking /home/stage_18_04/intership_project/devel/include/navigation/LocalisationGoal.h
Symlinking /home/stage_18_04/intership_project/devel/include/navigation/NavigationFeedback.h
Symlinking /home/stage_18_04/intership_project/devel/include/navigation/NavigationActionResult.h
Symlinking /home/stage_18_04/intership_project/devel/include/navigation/LocalisationActionResult.h
Symlinking /home/stage_18_04/intership_project/devel/include/navigation/NavigationActionFeedback.h
Symlinking /home/stage_18_04/intership_project/devel/include/navigation/LocalisationAction.h
Symlinking /home/stage_18_04/intership_project/devel/include/navigation/LocalisationActionGoal.h
Symlinking /home/stage_18_04/intership_project/devel/include/navigation/LocalisationResult.h
Symlinking /home/stage_18_04/intership_project/devel/include/navigation/move_baseRequest.h
Symlinking /home/stage_18_04/intership_project/devel/include/navigation/move_baseResponse.h
Symlinking /home/stage_18_04/intership_project/devel/include/navigation/move_base.h
Symlinking /home/stage_18_04/intership_project/devel/include/navigation/NavigationResult.h
Symlinking /home/stage_18_04/intership_project/devel/include/navigation/NavigationAction.h
Symlinking /home/stage_18_04/intership_project/devel/include/navigation/LocalisationActionFeedback.h
Symlinking /home/stage_18_04/intership_project/devel/include/navigation/LocalisationFeedback.h
Symlinking /home/stage_18_04/intership_project/devel/include/navigation/NavigationActionGoal.h
Symlinking /home/stage_18_04/intership_project/devel/share/gennodejs/ros/navigation/_index.js
Symlinking /home/stage_18_04/intership_project/devel/share/gennodejs/ros/navigation/msg/LocalisationActionFeedback.js
Symlinking /home/stage_18_04/intership_project/devel/share/gennodejs/ros/navigation/msg/NavigationAction.js
Symlinking /home/stage_18_04/intership_project/devel/share/gennodejs/ros/navigation/msg/LocalisationActionGoal.js
Symlinking /home/stage_18_04/intership_project/devel/share/gennodejs/ros/navigation/msg/LocalisationAction.js
Symlinking /home/stage_18_04/intership_project/devel/share/gennodejs/ros/navigation/msg/NavigationActionFeedback.js
Symlinking /home/stage_18_04/intership_project/devel/share/gennodejs/ros/navigation/msg/NavigationFeedback.js
Symlinking /home/stage_18_04/intership_project/devel/share/gennodejs/ros/navigation/msg/LocalisationActionResult.js
Symlinking /home/stage_18_04/intership_project/devel/share/gennodejs/ros/navigation/msg/LocalisationGoal.js
Symlinking /home/stage_18_04/intership_project/devel/share/gennodejs/ros/navigation/msg/LocalisationFeedback.js
Symlinking /home/stage_18_04/intership_project/devel/share/gennodejs/ros/navigation/msg/NavigationActionGoal.js
Symlinking /home/stage_18_04/intership_project/devel/share/gennodejs/ros/navigation/msg/NavigationGoal.js
Symlinking /home/stage_18_04/intership_project/devel/share/gennodejs/ros/navigation/msg/LocalisationResult.js
Symlinking /home/stage_18_04/intership_project/devel/share/gennodejs/ros/navigation/msg/_index.js
Symlinking /home/stage_18_04/intership_project/devel/share/gennodejs/ros/navigation/msg/NavigationResult.js
Symlinking /home/stage_18_04/intership_project/devel/share/gennodejs/ros/navigation/msg/NavigationActionResult.js
Symlinking /home/stage_18_04/intership_project/devel/share/gennodejs/ros/navigation/srv/_index.js
Symlinking /home/stage_18_04/intership_project/devel/share/gennodejs/ros/navigation/srv/move_base.js
Symlinking /home/stage_18_04/intership_project/devel/share/navigation/msg/LocalisationResult.msg
Symlinking /home/stage_18_04/intership_project/devel/share/navigation/msg/NavigationAction.msg
Symlinking /home/stage_18_04/intership_project/devel/share/navigation/msg/NavigationActionResult.msg
Symlinking /home/stage_18_04/intership_project/devel/share/navigation/msg/LocalisationActionFeedback.msg
Symlinking /home/stage_18_04/intership_project/devel/share/navigation/msg/NavigationActionFeedback.msg
Symlinking /home/stage_18_04/intership_project/devel/share/navigation/msg/NavigationActionGoal.msg
Symlinking /home/stage_18_04/intership_project/devel/share/navigation/msg/NavigationGoal.msg
Symlinking /home/stage_18_04/intership_project/devel/share/navigation/msg/LocalisationAction.msg
Symlinking /home/stage_18_04/intership_project/devel/share/navigation/msg/NavigationResult.msg
Symlinking /home/stage_18_04/intership_project/devel/share/navigation/msg/LocalisationGoal.msg
Symlinking /home/stage_18_04/intership_project/devel/share/navigation/msg/LocalisationActionResult.msg
Symlinking /home/stage_18_04/intership_project/devel/share/navigation/msg/LocalisationFeedback.msg
Symlinking /home/stage_18_04/intership_project/devel/share/navigation/msg/NavigationFeedback.msg
Symlinking /home/stage_18_04/intership_project/devel/share/navigation/msg/LocalisationActionGoal.msg
Symlinking /home/stage_18_04/intership_project/devel/share/navigation/cmake/navigation-msg-extras.cmake
Symlinking /home/stage_18_04/intership_project/devel/share/navigation/cmake/navigationConfig.cmake
Symlinking /home/stage_18_04/intership_project/devel/share/navigation/cmake/navigation-msg-paths.cmake
Symlinking /home/stage_18_04/intership_project/devel/share/navigation/cmake/navigationConfig-version.cmake
Symlinking /home/stage_18_04/intership_project/devel/share/roseus/ros/navigation/manifest.l
Symlinking /home/stage_18_04/intership_project/devel/share/roseus/ros/navigation/msg/NavigationActionFeedback.l
Symlinking /home/stage_18_04/intership_project/devel/share/roseus/ros/navigation/msg/NavigationActionResult.l
Symlinking /home/stage_18_04/intership_project/devel/share/roseus/ros/navigation/msg/LocalisationActionGoal.l
Symlinking /home/stage_18_04/intership_project/devel/share/roseus/ros/navigation/msg/NavigationGoal.l
Symlinking /home/stage_18_04/intership_project/devel/share/roseus/ros/navigation/msg/NavigationFeedback.l
Symlinking /home/stage_18_04/intership_project/devel/share/roseus/ros/navigation/msg/LocalisationAction.l
Symlinking /home/stage_18_04/intership_project/devel/share/roseus/ros/navigation/msg/LocalisationActionFeedback.l
Symlinking /home/stage_18_04/intership_project/devel/share/roseus/ros/navigation/msg/LocalisationActionResult.l
Symlinking /home/stage_18_04/intership_project/devel/share/roseus/ros/navigation/msg/NavigationResult.l
Symlinking /home/stage_18_04/intership_project/devel/share/roseus/ros/navigation/msg/NavigationActionGoal.l
Symlinking /home/stage_18_04/intership_project/devel/share/roseus/ros/navigation/msg/NavigationAction.l
Symlinking /home/stage_18_04/intership_project/devel/share/roseus/ros/navigation/msg/LocalisationGoal.l
Symlinking /home/stage_18_04/intership_project/devel/share/roseus/ros/navigation/msg/LocalisationFeedback.l
Symlinking /home/stage_18_04/intership_project/devel/share/roseus/ros/navigation/msg/LocalisationResult.l
Symlinking /home/stage_18_04/intership_project/devel/share/roseus/ros/navigation/srv/move_base.l
Symlinking /home/stage_18_04/intership_project/devel/share/common-lisp/ros/navigation/msg/LocalisationGoal.lisp
Symlinking /home/stage_18_04/intership_project/devel/share/common-lisp/ros/navigation/msg/_package_NavigationResult.lisp
Symlinking /home/stage_18_04/intership_project/devel/share/common-lisp/ros/navigation/msg/NavigationActionResult.lisp
Symlinking /home/stage_18_04/intership_project/devel/share/common-lisp/ros/navigation/msg/NavigationGoal.lisp
Symlinking /home/stage_18_04/intership_project/devel/share/common-lisp/ros/navigation/msg/LocalisationFeedback.lisp
Symlinking /home/stage_18_04/intership_project/devel/share/common-lisp/ros/navigation/msg/_package_NavigationActionFeedback.lisp
Symlinking /home/stage_18_04/intership_project/devel/share/common-lisp/ros/navigation/msg/LocalisationActionGoal.lisp
Symlinking /home/stage_18_04/intership_project/devel/share/common-lisp/ros/navigation/msg/NavigationFeedback.lisp
Symlinking /home/stage_18_04/intership_project/devel/share/common-lisp/ros/navigation/msg/NavigationActionGoal.lisp
Symlinking /home/stage_18_04/intership_project/devel/share/common-lisp/ros/navigation/msg/_package_NavigationActionResult.lisp
Symlinking /home/stage_18_04/intership_project/devel/share/common-lisp/ros/navigation/msg/LocalisationActionFeedback.lisp
Symlinking /home/stage_18_04/intership_project/devel/share/common-lisp/ros/navigation/msg/NavigationAction.lisp
Symlinking /home/stage_18_04/intership_project/devel/share/common-lisp/ros/navigation/msg/_package_NavigationFeedback.lisp
Symlinking /home/stage_18_04/intership_project/devel/share/common-lisp/ros/navigation/msg/_package_NavigationAction.lisp
Symlinking /home/stage_18_04/intership_project/devel/share/common-lisp/ros/navigation/msg/LocalisationResult.lisp
Symlinking /home/stage_18_04/intership_project/devel/share/common-lisp/ros/navigation/msg/_package_LocalisationFeedback.lisp
Symlinking /home/stage_18_04/intership_project/devel/share/common-lisp/ros/navigation/msg/_package_LocalisationActionGoal.lisp
Symlinking /home/stage_18_04/intership_project/devel/share/common-lisp/ros/navigation/msg/NavigationActionFeedback.lisp
Symlinking /home/stage_18_04/intership_project/devel/share/common-lisp/ros/navigation/msg/_package_LocalisationGoal.lisp
Symlinking /home/stage_18_04/intership_project/devel/share/common-lisp/ros/navigation/msg/LocalisationActionResult.lisp
Symlinking /home/stage_18_04/intership_project/devel/share/common-lisp/ros/navigation/msg/_package_LocalisationAction.lisp
Symlinking /home/stage_18_04/intership_project/devel/share/common-lisp/ros/navigation/msg/NavigationResult.lisp
Symlinking /home/stage_18_04/intership_project/devel/share/common-lisp/ros/navigation/msg/_package_LocalisationResult.lisp
Symlinking /home/stage_18_04/intership_project/devel/share/common-lisp/ros/navigation/msg/_package_LocalisationActionResult.lisp
Symlinking /home/stage_18_04/intership_project/devel/share/common-lisp/ros/navigation/msg/_package_NavigationActionGoal.lisp
Symlinking /home/stage_18_04/intership_project/devel/share/common-lisp/ros/navigation/msg/_package.lisp
Symlinking /home/stage_18_04/intership_project/devel/share/common-lisp/ros/navigation/msg/navigation-msg.asd
Symlinking /home/stage_18_04/intership_project/devel/share/common-lisp/ros/navigation/msg/_package_NavigationGoal.lisp
Symlinking /home/stage_18_04/intership_project/devel/share/common-lisp/ros/navigation/msg/_package_LocalisationActionFeedback.lisp
Symlinking /home/stage_18_04/intership_project/devel/share/common-lisp/ros/navigation/msg/LocalisationAction.lisp
Symlinking /home/stage_18_04/intership_project/devel/share/common-lisp/ros/navigation/srv/move_base.lisp
Symlinking /home/stage_18_04/intership_project/devel/share/common-lisp/ros/navigation/srv/_package_move_base.lisp
Symlinking /home/stage_18_04/intership_project/devel/share/common-lisp/ros/navigation/srv/navigation-srv.asd
Symlinking /home/stage_18_04/intership_project/devel/share/common-lisp/ros/navigation/srv/_package.lisp
Cleaning: (/home/pal/intership_project/devel/.private/navigation/cmake.lock, /home/pal/intership_project/devel/./cmake.lock)
Cleaning: (/home/pal/intership_project/devel/.private/navigation/include/navigation/move_baseRequest.h, /home/pal/intership_project/devel/include/navigation/move_baseRequest.h)
Cleaning: (/home/pal/intership_project/devel/.private/navigation/include/navigation/NavigationActionResult.h, /home/pal/intership_project/devel/include/navigation/NavigationActionResult.h)
Cleaning: (/home/pal/intership_project/devel/.private/navigation/include/navigation/move_base.h, /home/pal/intership_project/devel/include/navigation/move_base.h)
Cleaning: (/home/pal/intership_project/devel/.private/navigation/include/navigation/NavigationResult.h, /home/pal/intership_project/devel/include/navigation/NavigationResult.h)
Cleaning: (/home/pal/intership_project/devel/.private/navigation/include/navigation/NavigationFeedback.h, /home/pal/intership_project/devel/include/navigation/NavigationFeedback.h)
Cleaning: (/home/pal/intership_project/devel/.private/navigation/include/navigation/LocalisationFeedback.h, /home/pal/intership_project/devel/include/navigation/LocalisationFeedback.h)
Cleaning: (/home/pal/intership_project/devel/.private/navigation/include/navigation/LocalisationActionResult.h, /home/pal/intership_project/devel/include/navigation/LocalisationActionResult.h)
Cleaning: (/home/pal/intership_project/devel/.private/navigation/include/navigation/LocalisationResult.h, /home/pal/intership_project/devel/include/navigation/LocalisationResult.h)
Cleaning: (/home/pal/intership_project/devel/.private/navigation/include/navigation/LocalisationActionGoal.h, /home/pal/intership_project/devel/include/navigation/LocalisationActionGoal.h)
Cleaning: (/home/pal/intership_project/devel/.private/navigation/include/navigation/move_baseResponse.h, /home/pal/intership_project/devel/include/navigation/move_baseResponse.h)
Cleaning: (/home/pal/intership_project/devel/.private/navigation/include/navigation/LocalisationActionFeedback.h, /home/pal/intership_project/devel/include/navigation/LocalisationActionFeedback.h)
Cleaning: (/home/pal/intership_project/devel/.private/navigation/include/navigation/LocalisationGoal.h, /home/pal/intership_project/devel/include/navigation/LocalisationGoal.h)
Cleaning: (/home/pal/intership_project/devel/.private/navigation/include/navigation/NavigationGoal.h, /home/pal/intership_project/devel/include/navigation/NavigationGoal.h)
Cleaning: (/home/pal/intership_project/devel/.private/navigation/include/navigation/LocalisationAction.h, /home/pal/intership_project/devel/include/navigation/LocalisationAction.h)
Cleaning: (/home/pal/intership_project/devel/.private/navigation/include/navigation/NavigationAction.h, /home/pal/intership_project/devel/include/navigation/NavigationAction.h)
Cleaning: (/home/pal/intership_project/devel/.private/navigation/include/navigation/NavigationActionGoal.h, /home/pal/intership_project/devel/include/navigation/NavigationActionGoal.h)
Cleaning: (/home/pal/intership_project/devel/.private/navigation/include/navigation/NavigationActionFeedback.h, /home/pal/intership_project/devel/include/navigation/NavigationActionFeedback.h)
Cleaning: (/home/pal/intership_project/devel/.private/navigation/share/common-lisp/ros/navigation/srv/_package.lisp, /home/pal/intership_project/devel/share/common-lisp/ros/navigation/srv/_package.lisp)
Cleaning: (/home/pal/intership_project/devel/.private/navigation/share/common-lisp/ros/navigation/srv/_package_move_base.lisp, /home/pal/intership_project/devel/share/common-lisp/ros/navigation/srv/_package_move_base.lisp)
Cleaning: (/home/pal/intership_project/devel/.private/navigation/share/common-lisp/ros/navigation/srv/move_base.lisp, /home/pal/intership_project/devel/share/common-lisp/ros/navigation/srv/move_base.lisp)
Cleaning: (/home/pal/intership_project/devel/.private/navigation/share/common-lisp/ros/navigation/srv/navigation-srv.asd, /home/pal/intership_project/devel/share/common-lisp/ros/navigation/srv/navigation-srv.asd)
Cleaning: (/home/pal/intership_project/devel/.private/navigation/share/common-lisp/ros/navigation/msg/NavigationActionResult.lisp, /home/pal/intership_project/devel/share/common-lisp/ros/navigation/msg/NavigationActionResult.lisp)
Cleaning: (/home/pal/intership_project/devel/.private/navigation/share/common-lisp/ros/navigation/msg/LocalisationFeedback.lisp, /home/pal/intership_project/devel/share/common-lisp/ros/navigation/msg/LocalisationFeedback.lisp)
Cleaning: (/home/pal/intership_project/devel/.private/navigation/share/common-lisp/ros/navigation/msg/LocalisationActionGoal.lisp, /home/pal/intership_project/devel/share/common-lisp/ros/navigation/msg/LocalisationActionGoal.lisp)
Cleaning: (/home/pal/intership_project/devel/.private/navigation/share/common-lisp/ros/navigation/msg/NavigationActionGoal.lisp, /home/pal/intership_project/devel/share/common-lisp/ros/navigation/msg/NavigationActionGoal.lisp)
Cleaning: (/home/pal/intership_project/devel/.private/navigation/share/common-lisp/ros/navigation/msg/_package_NavigationAction.lisp, /home/pal/intership_project/devel/share/common-lisp/ros/navigation/msg/_package_NavigationAction.lisp)
Cleaning: (/home/pal/intership_project/devel/.private/navigation/share/common-lisp/ros/navigation/msg/_package_LocalisationAction.lisp, /home/pal/intership_project/devel/share/common-lisp/ros/navigation/msg/_package_LocalisationAction.lisp)
Cleaning: (/home/pal/intership_project/devel/.private/navigation/share/common-lisp/ros/navigation/msg/_package_LocalisationGoal.lisp, /home/pal/intership_project/devel/share/common-lisp/ros/navigation/msg/_package_LocalisationGoal.lisp)
Cleaning: (/home/pal/intership_project/devel/.private/navigation/share/common-lisp/ros/navigation/msg/LocalisationAction.lisp, /home/pal/intership_project/devel/share/common-lisp/ros/navigation/msg/LocalisationAction.lisp)
Cleaning: (/home/pal/intership_project/devel/.private/navigation/share/common-lisp/ros/navigation/msg/_package_LocalisationActionGoal.lisp, /home/pal/intership_project/devel/share/common-lisp/ros/navigation/msg/_package_LocalisationActionGoal.lisp)
Cleaning: (/home/pal/intership_project/devel/.private/navigation/share/common-lisp/ros/navigation/msg/_package_NavigationFeedback.lisp, /home/pal/intership_project/devel/share/common-lisp/ros/navigation/msg/_package_NavigationFeedback.lisp)
Cleaning: (/home/pal/intership_project/devel/.private/navigation/share/common-lisp/ros/navigation/msg/_package_LocalisationResult.lisp, /home/pal/intership_project/devel/share/common-lisp/ros/navigation/msg/_package_LocalisationResult.lisp)
Cleaning: (/home/pal/intership_project/devel/.private/navigation/share/common-lisp/ros/navigation/msg/_package_NavigationGoal.lisp, /home/pal/intership_project/devel/share/common-lisp/ros/navigation/msg/_package_NavigationGoal.lisp)
Cleaning: (/home/pal/intership_project/devel/.private/navigation/share/common-lisp/ros/navigation/msg/_package_NavigationResult.lisp, /home/pal/intership_project/devel/share/common-lisp/ros/navigation/msg/_package_NavigationResult.lisp)
Cleaning: (/home/pal/intership_project/devel/.private/navigation/share/common-lisp/ros/navigation/msg/NavigationAction.lisp, /home/pal/intership_project/devel/share/common-lisp/ros/navigation/msg/NavigationAction.lisp)
Cleaning: (/home/pal/intership_project/devel/.private/navigation/share/common-lisp/ros/navigation/msg/NavigationResult.lisp, /home/pal/intership_project/devel/share/common-lisp/ros/navigation/msg/NavigationResult.lisp)
Cleaning: (/home/pal/intership_project/devel/.private/navigation/share/common-lisp/ros/navigation/msg/LocalisationGoal.lisp, /home/pal/intership_project/devel/share/common-lisp/ros/navigation/msg/LocalisationGoal.lisp)
Cleaning: (/home/pal/intership_project/devel/.private/navigation/share/common-lisp/ros/navigation/msg/_package_NavigationActionResult.lisp, /home/pal/intership_project/devel/share/common-lisp/ros/navigation/msg/_package_NavigationActionResult.lisp)
Cleaning: (/home/pal/intership_project/devel/.private/navigation/share/common-lisp/ros/navigation/msg/_package_NavigationActionGoal.lisp, /home/pal/intership_project/devel/share/common-lisp/ros/navigation/msg/_package_NavigationActionGoal.lisp)
Cleaning: (/home/pal/intership_project/devel/.private/navigation/share/common-lisp/ros/navigation/msg/LocalisationActionFeedback.lisp, /home/pal/intership_project/devel/share/common-lisp/ros/navigation/msg/LocalisationActionFeedback.lisp)
Cleaning: (/home/pal/intership_project/devel/.private/navigation/share/common-lisp/ros/navigation/msg/NavigationActionFeedback.lisp, /home/pal/intership_project/devel/share/common-lisp/ros/navigation/msg/NavigationActionFeedback.lisp)
Cleaning: (/home/pal/intership_project/devel/.private/navigation/share/common-lisp/ros/navigation/msg/LocalisationResult.lisp, /home/pal/intership_project/devel/share/common-lisp/ros/navigation/msg/LocalisationResult.lisp)
Cleaning: (/home/pal/intership_project/devel/.private/navigation/share/common-lisp/ros/navigation/msg/navigation-msg.asd, /home/pal/intership_project/devel/share/common-lisp/ros/navigation/msg/navigation-msg.asd)
Cleaning: (/home/pal/intership_project/devel/.private/navigation/share/common-lisp/ros/navigation/msg/_package.lisp, /home/pal/intership_project/devel/share/common-lisp/ros/navigation/msg/_package.lisp)
Cleaning: (/home/pal/intership_project/devel/.private/navigation/share/common-lisp/ros/navigation/msg/LocalisationActionResult.lisp, /home/pal/intership_project/devel/share/common-lisp/ros/navigation/msg/LocalisationActionResult.lisp)
Cleaning: (/home/pal/intership_project/devel/.private/navigation/share/common-lisp/ros/navigation/msg/_package_LocalisationActionResult.lisp, /home/pal/intership_project/devel/share/common-lisp/ros/navigation/msg/_package_LocalisationActionResult.lisp)
Cleaning: (/home/pal/intership_project/devel/.private/navigation/share/common-lisp/ros/navigation/msg/NavigationFeedback.lisp, /home/pal/intership_project/devel/share/common-lisp/ros/navigation/msg/NavigationFeedback.lisp)
Cleaning: (/home/pal/intership_project/devel/.private/navigation/share/common-lisp/ros/navigation/msg/NavigationGoal.lisp, /home/pal/intership_project/devel/share/common-lisp/ros/navigation/msg/NavigationGoal.lisp)
Cleaning: (/home/pal/intership_project/devel/.private/navigation/share/common-lisp/ros/navigation/msg/_package_LocalisationActionFeedback.lisp, /home/pal/intership_project/devel/share/common-lisp/ros/navigation/msg/_package_LocalisationActionFeedback.lisp)
Cleaning: (/home/pal/intership_project/devel/.private/navigation/share/common-lisp/ros/navigation/msg/_package_LocalisationFeedback.lisp, /home/pal/intership_project/devel/share/common-lisp/ros/navigation/msg/_package_LocalisationFeedback.lisp)
Cleaning: (/home/pal/intership_project/devel/.private/navigation/share/common-lisp/ros/navigation/msg/_package_NavigationActionFeedback.lisp, /home/pal/intership_project/devel/share/common-lisp/ros/navigation/msg/_package_NavigationActionFeedback.lisp)
Cleaning: (/home/pal/intership_project/devel/.private/navigation/share/gennodejs/ros/navigation/_index.js, /home/pal/intership_project/devel/share/gennodejs/ros/navigation/_index.js)
Cleaning: (/home/pal/intership_project/devel/.private/navigation/share/gennodejs/ros/navigation/srv/_index.js, /home/pal/intership_project/devel/share/gennodejs/ros/navigation/srv/_index.js)
Cleaning: (/home/pal/intership_project/devel/.private/navigation/share/gennodejs/ros/navigation/srv/move_base.js, /home/pal/intership_project/devel/share/gennodejs/ros/navigation/srv/move_base.js)
Cleaning: (/home/pal/intership_project/devel/.private/navigation/share/gennodejs/ros/navigation/msg/NavigationResult.js, /home/pal/intership_project/devel/share/gennodejs/ros/navigation/msg/NavigationResult.js)
Cleaning: (/home/pal/intership_project/devel/.private/navigation/share/gennodejs/ros/navigation/msg/LocalisationFeedback.js, /home/pal/intership_project/devel/share/gennodejs/ros/navigation/msg/LocalisationFeedback.js)
Cleaning: (/home/pal/intership_project/devel/.private/navigation/share/gennodejs/ros/navigation/msg/NavigationActionResult.js, /home/pal/intership_project/devel/share/gennodejs/ros/navigation/msg/NavigationActionResult.js)
Cleaning: (/home/pal/intership_project/devel/.private/navigation/share/gennodejs/ros/navigation/msg/NavigationActionGoal.js, /home/pal/intership_project/devel/share/gennodejs/ros/navigation/msg/NavigationActionGoal.js)
Cleaning: (/home/pal/intership_project/devel/.private/navigation/share/gennodejs/ros/navigation/msg/LocalisationResult.js, /home/pal/intership_project/devel/share/gennodejs/ros/navigation/msg/LocalisationResult.js)
Cleaning: (/home/pal/intership_project/devel/.private/navigation/share/gennodejs/ros/navigation/msg/_index.js, /home/pal/intership_project/devel/share/gennodejs/ros/navigation/msg/_index.js)
Cleaning: (/home/pal/intership_project/devel/.private/navigation/share/gennodejs/ros/navigation/msg/NavigationGoal.js, /home/pal/intership_project/devel/share/gennodejs/ros/navigation/msg/NavigationGoal.js)
Cleaning: (/home/pal/intership_project/devel/.private/navigation/share/gennodejs/ros/navigation/msg/LocalisationActionResult.js, /home/pal/intership_project/devel/share/gennodejs/ros/navigation/msg/LocalisationActionResult.js)
Cleaning: (/home/pal/intership_project/devel/.private/navigation/share/gennodejs/ros/navigation/msg/LocalisationActionGoal.js, /home/pal/intership_project/devel/share/gennodejs/ros/navigation/msg/LocalisationActionGoal.js)
Cleaning: (/home/pal/intership_project/devel/.private/navigation/share/gennodejs/ros/navigation/msg/LocalisationActionFeedback.js, /home/pal/intership_project/devel/share/gennodejs/ros/navigation/msg/LocalisationActionFeedback.js)
Cleaning: (/home/pal/intership_project/devel/.private/navigation/share/gennodejs/ros/navigation/msg/LocalisationAction.js, /home/pal/intership_project/devel/share/gennodejs/ros/navigation/msg/LocalisationAction.js)
Cleaning: (/home/pal/intership_project/devel/.private/navigation/share/gennodejs/ros/navigation/msg/NavigationAction.js, /home/pal/intership_project/devel/share/gennodejs/ros/navigation/msg/NavigationAction.js)
Cleaning: (/home/pal/intership_project/devel/.private/navigation/share/gennodejs/ros/navigation/msg/NavigationActionFeedback.js, /home/pal/intership_project/devel/share/gennodejs/ros/navigation/msg/NavigationActionFeedback.js)
Cleaning: (/home/pal/intership_project/devel/.private/navigation/share/gennodejs/ros/navigation/msg/LocalisationGoal.js, /home/pal/intership_project/devel/share/gennodejs/ros/navigation/msg/LocalisationGoal.js)
Cleaning: (/home/pal/intership_project/devel/.private/navigation/share/gennodejs/ros/navigation/msg/NavigationFeedback.js, /home/pal/intership_project/devel/share/gennodejs/ros/navigation/msg/NavigationFeedback.js)
Cleaning: (/home/pal/intership_project/devel/.private/navigation/share/roseus/ros/navigation/manifest.l, /home/pal/intership_project/devel/share/roseus/ros/navigation/manifest.l)
Cleaning: (/home/pal/intership_project/devel/.private/navigation/share/roseus/ros/navigation/srv/move_base.l, /home/pal/intership_project/devel/share/roseus/ros/navigation/srv/move_base.l)
Cleaning: (/home/pal/intership_project/devel/.private/navigation/share/roseus/ros/navigation/msg/LocalisationActionFeedback.l, /home/pal/intership_project/devel/share/roseus/ros/navigation/msg/LocalisationActionFeedback.l)
Cleaning: (/home/pal/intership_project/devel/.private/navigation/share/roseus/ros/navigation/msg/NavigationResult.l, /home/pal/intership_project/devel/share/roseus/ros/navigation/msg/NavigationResult.l)
Cleaning: (/home/pal/intership_project/devel/.private/navigation/share/roseus/ros/navigation/msg/LocalisationActionGoal.l, /home/pal/intership_project/devel/share/roseus/ros/navigation/msg/LocalisationActionGoal.l)
Cleaning: (/home/pal/intership_project/devel/.private/navigation/share/roseus/ros/navigation/msg/NavigationFeedback.l, /home/pal/intership_project/devel/share/roseus/ros/navigation/msg/NavigationFeedback.l)
Cleaning: (/home/pal/intership_project/devel/.private/navigation/share/roseus/ros/navigation/msg/LocalisationAction.l, /home/pal/intership_project/devel/share/roseus/ros/navigation/msg/LocalisationAction.l)
Cleaning: (/home/pal/intership_project/devel/.private/navigation/share/roseus/ros/navigation/msg/LocalisationFeedback.l, /home/pal/intership_project/devel/share/roseus/ros/navigation/msg/LocalisationFeedback.l)
Cleaning: (/home/pal/intership_project/devel/.private/navigation/share/roseus/ros/navigation/msg/NavigationActionFeedback.l, /home/pal/intership_project/devel/share/roseus/ros/navigation/msg/NavigationActionFeedback.l)
Cleaning: (/home/pal/intership_project/devel/.private/navigation/share/roseus/ros/navigation/msg/LocalisationResult.l, /home/pal/intership_project/devel/share/roseus/ros/navigation/msg/LocalisationResult.l)
Cleaning: (/home/pal/intership_project/devel/.private/navigation/share/roseus/ros/navigation/msg/NavigationGoal.l, /home/pal/intership_project/devel/share/roseus/ros/navigation/msg/NavigationGoal.l)
Cleaning: (/home/pal/intership_project/devel/.private/navigation/share/roseus/ros/navigation/msg/NavigationActionResult.l, /home/pal/intership_project/devel/share/roseus/ros/navigation/msg/NavigationActionResult.l)
Cleaning: (/home/pal/intership_project/devel/.private/navigation/share/roseus/ros/navigation/msg/NavigationActionGoal.l, /home/pal/intership_project/devel/share/roseus/ros/navigation/msg/NavigationActionGoal.l)
Cleaning: (/home/pal/intership_project/devel/.private/navigation/share/roseus/ros/navigation/msg/LocalisationGoal.l, /home/pal/intership_project/devel/share/roseus/ros/navigation/msg/LocalisationGoal.l)
Cleaning: (/home/pal/intership_project/devel/.private/navigation/share/roseus/ros/navigation/msg/LocalisationActionResult.l, /home/pal/intership_project/devel/share/roseus/ros/navigation/msg/LocalisationActionResult.l)
Cleaning: (/home/pal/intership_project/devel/.private/navigation/share/roseus/ros/navigation/msg/NavigationAction.l, /home/pal/intership_project/devel/share/roseus/ros/navigation/msg/NavigationAction.l)
Cleaning: (/home/pal/intership_project/devel/.private/navigation/share/navigation/cmake/navigationConfig.cmake, /home/pal/intership_project/devel/share/navigation/cmake/navigationConfig.cmake)
Cleaning: (/home/pal/intership_project/devel/.private/navigation/share/navigation/cmake/navigationConfig-version.cmake, /home/pal/intership_project/devel/share/navigation/cmake/navigationConfig-version.cmake)
Cleaning: (/home/pal/intership_project/devel/.private/navigation/share/navigation/cmake/navigation-msg-paths.cmake, /home/pal/intership_project/devel/share/navigation/cmake/navigation-msg-paths.cmake)
Cleaning: (/home/pal/intership_project/devel/.private/navigation/share/navigation/cmake/navigation-msg-extras.cmake, /home/pal/intership_project/devel/share/navigation/cmake/navigation-msg-extras.cmake)
Cleaning: (/home/pal/intership_project/devel/.private/navigation/share/navigation/msg/LocalisationActionResult.msg, /home/pal/intership_project/devel/share/navigation/msg/LocalisationActionResult.msg)
Cleaning: (/home/pal/intership_project/devel/.private/navigation/share/navigation/msg/NavigationActionFeedback.msg, /home/pal/intership_project/devel/share/navigation/msg/NavigationActionFeedback.msg)
Cleaning: (/home/pal/intership_project/devel/.private/navigation/share/navigation/msg/NavigationGoal.msg, /home/pal/intership_project/devel/share/navigation/msg/NavigationGoal.msg)
Cleaning: (/home/pal/intership_project/devel/.private/navigation/share/navigation/msg/NavigationAction.msg, /home/pal/intership_project/devel/share/navigation/msg/NavigationAction.msg)
Cleaning: (/home/pal/intership_project/devel/.private/navigation/share/navigation/msg/NavigationActionResult.msg, /home/pal/intership_project/devel/share/navigation/msg/NavigationActionResult.msg)
Cleaning: (/home/pal/intership_project/devel/.private/navigation/share/navigation/msg/LocalisationActionGoal.msg, /home/pal/intership_project/devel/share/navigation/msg/LocalisationActionGoal.msg)
Cleaning: (/home/pal/intership_project/devel/.private/navigation/share/navigation/msg/NavigationResult.msg, /home/pal/intership_project/devel/share/navigation/msg/NavigationResult.msg)
Cleaning: (/home/pal/intership_project/devel/.private/navigation/share/navigation/msg/LocalisationGoal.msg, /home/pal/intership_project/devel/share/navigation/msg/LocalisationGoal.msg)
Cleaning: (/home/pal/intership_project/devel/.private/navigation/share/navigation/msg/NavigationActionGoal.msg, /home/pal/intership_project/devel/share/navigation/msg/NavigationActionGoal.msg)
Cleaning: (/home/pal/intership_project/devel/.private/navigation/share/navigation/msg/LocalisationFeedback.msg, /home/pal/intership_project/devel/share/navigation/msg/LocalisationFeedback.msg)
Cleaning: (/home/pal/intership_project/devel/.private/navigation/share/navigation/msg/LocalisationAction.msg, /home/pal/intership_project/devel/share/navigation/msg/LocalisationAction.msg)
Cleaning: (/home/pal/intership_project/devel/.private/navigation/share/navigation/msg/NavigationFeedback.msg, /home/pal/intership_project/devel/share/navigation/msg/NavigationFeedback.msg)
Cleaning: (/home/pal/intership_project/devel/.private/navigation/share/navigation/msg/LocalisationResult.msg, /home/pal/intership_project/devel/share/navigation/msg/LocalisationResult.msg)
Cleaning: (/home/pal/intership_project/devel/.private/navigation/share/navigation/msg/LocalisationActionFeedback.msg, /home/pal/intership_project/devel/share/navigation/msg/LocalisationActionFeedback.msg)
Cleaning: (/home/pal/intership_project/devel/.private/navigation/lib/pkgconfig/navigation.pc, /home/pal/intership_project/devel/lib/pkgconfig/navigation.pc)
Cleaning: (/home/pal/intership_project/devel/.private/navigation/lib/python2.7/dist-packages/navigation/__init__.py, /home/pal/intership_project/devel/lib/python2.7/dist-packages/navigation/__init__.py)
Cleaning: (/home/pal/intership_project/devel/.private/navigation/lib/python2.7/dist-packages/navigation/srv/_move_base.py, /home/pal/intership_project/devel/lib/python2.7/dist-packages/navigation/srv/_move_base.py)
Cleaning: (/home/pal/intership_project/devel/.private/navigation/lib/python2.7/dist-packages/navigation/srv/__init__.py, /home/pal/intership_project/devel/lib/python2.7/dist-packages/navigation/srv/__init__.py)
Cleaning: (/home/pal/intership_project/devel/.private/navigation/lib/python2.7/dist-packages/navigation/msg/_NavigationAction.py, /home/pal/intership_project/devel/lib/python2.7/dist-packages/navigation/msg/_NavigationAction.py)
Cleaning: (/home/pal/intership_project/devel/.private/navigation/lib/python2.7/dist-packages/navigation/msg/_NavigationResult.py, /home/pal/intership_project/devel/lib/python2.7/dist-packages/navigation/msg/_NavigationResult.py)
Cleaning: (/home/pal/intership_project/devel/.private/navigation/lib/python2.7/dist-packages/navigation/msg/_NavigationActionResult.py, /home/pal/intership_project/devel/lib/python2.7/dist-packages/navigation/msg/_NavigationActionResult.py)
Cleaning: (/home/pal/intership_project/devel/.private/navigation/lib/python2.7/dist-packages/navigation/msg/_LocalisationActionResult.py, /home/pal/intership_project/devel/lib/python2.7/dist-packages/navigation/msg/_LocalisationActionResult.py)
Cleaning: (/home/pal/intership_project/devel/.private/navigation/lib/python2.7/dist-packages/navigation/msg/_LocalisationActionFeedback.py, /home/pal/intership_project/devel/lib/python2.7/dist-packages/navigation/msg/_LocalisationActionFeedback.py)
Cleaning: (/home/pal/intership_project/devel/.private/navigation/lib/python2.7/dist-packages/navigation/msg/_LocalisationFeedback.py, /home/pal/intership_project/devel/lib/python2.7/dist-packages/navigation/msg/_LocalisationFeedback.py)
Cleaning: (/home/pal/intership_project/devel/.private/navigation/lib/python2.7/dist-packages/navigation/msg/_LocalisationAction.py, /home/pal/intership_project/devel/lib/python2.7/dist-packages/navigation/msg/_LocalisationAction.py)
Cleaning: (/home/pal/intership_project/devel/.private/navigation/lib/python2.7/dist-packages/navigation/msg/_LocalisationActionGoal.py, /home/pal/intership_project/devel/lib/python2.7/dist-packages/navigation/msg/_LocalisationActionGoal.py)
Cleaning: (/home/pal/intership_project/devel/.private/navigation/lib/python2.7/dist-packages/navigation/msg/_NavigationActionGoal.py, /home/pal/intership_project/devel/lib/python2.7/dist-packages/navigation/msg/_NavigationActionGoal.py)
Cleaning: (/home/pal/intership_project/devel/.private/navigation/lib/python2.7/dist-packages/navigation/msg/_LocalisationResult.py, /home/pal/intership_project/devel/lib/python2.7/dist-packages/navigation/msg/_LocalisationResult.py)
Cleaning: (/home/pal/intership_project/devel/.private/navigation/lib/python2.7/dist-packages/navigation/msg/_NavigationGoal.py, /home/pal/intership_project/devel/lib/python2.7/dist-packages/navigation/msg/_NavigationGoal.py)
Cleaning: (/home/pal/intership_project/devel/.private/navigation/lib/python2.7/dist-packages/navigation/msg/_LocalisationGoal.py, /home/pal/intership_project/devel/lib/python2.7/dist-packages/navigation/msg/_LocalisationGoal.py)
Cleaning: (/home/pal/intership_project/devel/.private/navigation/lib/python2.7/dist-packages/navigation/msg/_NavigationActionFeedback.py, /home/pal/intership_project/devel/lib/python2.7/dist-packages/navigation/msg/_NavigationActionFeedback.py)
Cleaning: (/home/pal/intership_project/devel/.private/navigation/lib/python2.7/dist-packages/navigation/msg/__init__.py, /home/pal/intership_project/devel/lib/python2.7/dist-packages/navigation/msg/__init__.py)
Cleaning: (/home/pal/intership_project/devel/.private/navigation/lib/python2.7/dist-packages/navigation/msg/_NavigationFeedback.py, /home/pal/intership_project/devel/lib/python2.7/dist-packages/navigation/msg/_NavigationFeedback.py)
Unlinking: /home/pal/intership_project/devel/include/navigation/move_baseRequest.h
Already unlinked: {}
Unlinking: /home/pal/intership_project/devel/include/navigation/NavigationActionResult.h
Already unlinked: {}
Unlinking: /home/pal/intership_project/devel/include/navigation/move_base.h
Already unlinked: {}
Unlinking: /home/pal/intership_project/devel/include/navigation/NavigationResult.h
Already unlinked: {}
Unlinking: /home/pal/intership_project/devel/include/navigation/NavigationFeedback.h
Already unlinked: {}
Unlinking: /home/pal/intership_project/devel/include/navigation/LocalisationFeedback.h
Already unlinked: {}
Unlinking: /home/pal/intership_project/devel/include/navigation/LocalisationActionResult.h
Already unlinked: {}
Unlinking: /home/pal/intership_project/devel/include/navigation/LocalisationResult.h
Already unlinked: {}
Unlinking: /home/pal/intership_project/devel/include/navigation/LocalisationActionGoal.h
Already unlinked: {}
Unlinking: /home/pal/intership_project/devel/include/navigation/move_baseResponse.h
Already unlinked: {}
Unlinking: /home/pal/intership_project/devel/include/navigation/LocalisationActionFeedback.h
Already unlinked: {}
Unlinking: /home/pal/intership_project/devel/include/navigation/LocalisationGoal.h
Already unlinked: {}
Unlinking: /home/pal/intership_project/devel/include/navigation/NavigationGoal.h
Already unlinked: {}
Unlinking: /home/pal/intership_project/devel/include/navigation/LocalisationAction.h
Already unlinked: {}
Unlinking: /home/pal/intership_project/devel/include/navigation/NavigationAction.h
Already unlinked: {}
Unlinking: /home/pal/intership_project/devel/include/navigation/NavigationActionGoal.h
Already unlinked: {}
Unlinking: /home/pal/intership_project/devel/include/navigation/NavigationActionFeedback.h
Already unlinked: {}
Unlinking: /home/pal/intership_project/devel/share/common-lisp/ros/navigation/srv/_package.lisp
Already unlinked: {}
Unlinking: /home/pal/intership_project/devel/share/common-lisp/ros/navigation/srv/_package_move_base.lisp
Already unlinked: {}
Unlinking: /home/pal/intership_project/devel/share/common-lisp/ros/navigation/srv/move_base.lisp
Already unlinked: {}
Unlinking: /home/pal/intership_project/devel/share/common-lisp/ros/navigation/srv/navigation-srv.asd
Already unlinked: {}
Unlinking: /home/pal/intership_project/devel/share/common-lisp/ros/navigation/msg/NavigationActionResult.lisp
Already unlinked: {}
Unlinking: /home/pal/intership_project/devel/share/common-lisp/ros/navigation/msg/LocalisationFeedback.lisp
Already unlinked: {}
Unlinking: /home/pal/intership_project/devel/share/common-lisp/ros/navigation/msg/LocalisationActionGoal.lisp
Already unlinked: {}
Unlinking: /home/pal/intership_project/devel/share/common-lisp/ros/navigation/msg/NavigationActionGoal.lisp
Already unlinked: {}
Unlinking: /home/pal/intership_project/devel/share/common-lisp/ros/navigation/msg/_package_NavigationAction.lisp
Already unlinked: {}
Unlinking: /home/pal/intership_project/devel/share/common-lisp/ros/navigation/msg/_package_LocalisationAction.lisp
Already unlinked: {}
Unlinking: /home/pal/intership_project/devel/share/common-lisp/ros/navigation/msg/_package_LocalisationGoal.lisp
Already unlinked: {}
Unlinking: /home/pal/intership_project/devel/share/common-lisp/ros/navigation/msg/LocalisationAction.lisp
Already unlinked: {}
Unlinking: /home/pal/intership_project/devel/share/common-lisp/ros/navigation/msg/_package_LocalisationActionGoal.lisp
Already unlinked: {}
Unlinking: /home/pal/intership_project/devel/share/common-lisp/ros/navigation/msg/_package_NavigationFeedback.lisp
Already unlinked: {}
Unlinking: /home/pal/intership_project/devel/share/common-lisp/ros/navigation/msg/_package_LocalisationResult.lisp
Already unlinked: {}
Unlinking: /home/pal/intership_project/devel/share/common-lisp/ros/navigation/msg/_package_NavigationGoal.lisp
Already unlinked: {}
Unlinking: /home/pal/intership_project/devel/share/common-lisp/ros/navigation/msg/_package_NavigationResult.lisp
Already unlinked: {}
Unlinking: /home/pal/intership_project/devel/share/common-lisp/ros/navigation/msg/NavigationAction.lisp
Already unlinked: {}
Unlinking: /home/pal/intership_project/devel/share/common-lisp/ros/navigation/msg/NavigationResult.lisp
Already unlinked: {}
Unlinking: /home/pal/intership_project/devel/share/common-lisp/ros/navigation/msg/LocalisationGoal.lisp
Already unlinked: {}
Unlinking: /home/pal/intership_project/devel/share/common-lisp/ros/navigation/msg/_package_NavigationActionResult.lisp
Already unlinked: {}
Unlinking: /home/pal/intership_project/devel/share/common-lisp/ros/navigation/msg/_package_NavigationActionGoal.lisp
Already unlinked: {}
Unlinking: /home/pal/intership_project/devel/share/common-lisp/ros/navigation/msg/LocalisationActionFeedback.lisp
Already unlinked: {}
Unlinking: /home/pal/intership_project/devel/share/common-lisp/ros/navigation/msg/NavigationActionFeedback.lisp
Already unlinked: {}
Unlinking: /home/pal/intership_project/devel/share/common-lisp/ros/navigation/msg/LocalisationResult.lisp
Already unlinked: {}
Unlinking: /home/pal/intership_project/devel/share/common-lisp/ros/navigation/msg/navigation-msg.asd
Already unlinked: {}
Unlinking: /home/pal/intership_project/devel/share/common-lisp/ros/navigation/msg/_package.lisp
Already unlinked: {}
Unlinking: /home/pal/intership_project/devel/share/common-lisp/ros/navigation/msg/LocalisationActionResult.lisp
Already unlinked: {}
Unlinking: /home/pal/intership_project/devel/share/common-lisp/ros/navigation/msg/_package_LocalisationActionResult.lisp
Already unlinked: {}
Unlinking: /home/pal/intership_project/devel/share/common-lisp/ros/navigation/msg/NavigationFeedback.lisp
Already unlinked: {}
Unlinking: /home/pal/intership_project/devel/share/common-lisp/ros/navigation/msg/NavigationGoal.lisp
Already unlinked: {}
Unlinking: /home/pal/intership_project/devel/share/common-lisp/ros/navigation/msg/_package_LocalisationActionFeedback.lisp
Already unlinked: {}
Unlinking: /home/pal/intership_project/devel/share/common-lisp/ros/navigation/msg/_package_LocalisationFeedback.lisp
Already unlinked: {}
Unlinking: /home/pal/intership_project/devel/share/common-lisp/ros/navigation/msg/_package_NavigationActionFeedback.lisp
Already unlinked: {}
Unlinking: /home/pal/intership_project/devel/share/gennodejs/ros/navigation/_index.js
Already unlinked: {}
Unlinking: /home/pal/intership_project/devel/share/gennodejs/ros/navigation/srv/_index.js
Already unlinked: {}
Unlinking: /home/pal/intership_project/devel/share/gennodejs/ros/navigation/srv/move_base.js
Already unlinked: {}
Unlinking: /home/pal/intership_project/devel/share/gennodejs/ros/navigation/msg/NavigationResult.js
Already unlinked: {}
Unlinking: /home/pal/intership_project/devel/share/gennodejs/ros/navigation/msg/LocalisationFeedback.js
Already unlinked: {}
Unlinking: /home/pal/intership_project/devel/share/gennodejs/ros/navigation/msg/NavigationActionResult.js
Already unlinked: {}
Unlinking: /home/pal/intership_project/devel/share/gennodejs/ros/navigation/msg/NavigationActionGoal.js
Already unlinked: {}
Unlinking: /home/pal/intership_project/devel/share/gennodejs/ros/navigation/msg/LocalisationResult.js
Already unlinked: {}
Unlinking: /home/pal/intership_project/devel/share/gennodejs/ros/navigation/msg/_index.js
Already unlinked: {}
Unlinking: /home/pal/intership_project/devel/share/gennodejs/ros/navigation/msg/NavigationGoal.js
Already unlinked: {}
Unlinking: /home/pal/intership_project/devel/share/gennodejs/ros/navigation/msg/LocalisationActionResult.js
Already unlinked: {}
Unlinking: /home/pal/intership_project/devel/share/gennodejs/ros/navigation/msg/LocalisationActionGoal.js
Already unlinked: {}
Unlinking: /home/pal/intership_project/devel/share/gennodejs/ros/navigation/msg/LocalisationActionFeedback.js
Already unlinked: {}
Unlinking: /home/pal/intership_project/devel/share/gennodejs/ros/navigation/msg/LocalisationAction.js
Already unlinked: {}
Unlinking: /home/pal/intership_project/devel/share/gennodejs/ros/navigation/msg/NavigationAction.js
Already unlinked: {}
Unlinking: /home/pal/intership_project/devel/share/gennodejs/ros/navigation/msg/NavigationActionFeedback.js
Already unlinked: {}
Unlinking: /home/pal/intership_project/devel/share/gennodejs/ros/navigation/msg/LocalisationGoal.js
Already unlinked: {}
Unlinking: /home/pal/intership_project/devel/share/gennodejs/ros/navigation/msg/NavigationFeedback.js
Already unlinked: {}
Unlinking: /home/pal/intership_project/devel/share/roseus/ros/navigation/manifest.l
Already unlinked: {}
Unlinking: /home/pal/intership_project/devel/share/roseus/ros/navigation/srv/move_base.l
Already unlinked: {}
Unlinking: /home/pal/intership_project/devel/share/roseus/ros/navigation/msg/LocalisationActionFeedback.l
Already unlinked: {}
Unlinking: /home/pal/intership_project/devel/share/roseus/ros/navigation/msg/NavigationResult.l
Already unlinked: {}
Unlinking: /home/pal/intership_project/devel/share/roseus/ros/navigation/msg/LocalisationActionGoal.l
Already unlinked: {}
Unlinking: /home/pal/intership_project/devel/share/roseus/ros/navigation/msg/NavigationFeedback.l
Already unlinked: {}
Unlinking: /home/pal/intership_project/devel/share/roseus/ros/navigation/msg/LocalisationAction.l
Already unlinked: {}
Unlinking: /home/pal/intership_project/devel/share/roseus/ros/navigation/msg/LocalisationFeedback.l
Already unlinked: {}
Unlinking: /home/pal/intership_project/devel/share/roseus/ros/navigation/msg/NavigationActionFeedback.l
Already unlinked: {}
Unlinking: /home/pal/intership_project/devel/share/roseus/ros/navigation/msg/LocalisationResult.l
Already unlinked: {}
Unlinking: /home/pal/intership_project/devel/share/roseus/ros/navigation/msg/NavigationGoal.l
Already unlinked: {}
Unlinking: /home/pal/intership_project/devel/share/roseus/ros/navigation/msg/NavigationActionResult.l
Already unlinked: {}
Unlinking: /home/pal/intership_project/devel/share/roseus/ros/navigation/msg/NavigationActionGoal.l
Already unlinked: {}
Unlinking: /home/pal/intership_project/devel/share/roseus/ros/navigation/msg/LocalisationGoal.l
Already unlinked: {}
Unlinking: /home/pal/intership_project/devel/share/roseus/ros/navigation/msg/LocalisationActionResult.l
Already unlinked: {}
Unlinking: /home/pal/intership_project/devel/share/roseus/ros/navigation/msg/NavigationAction.l
Already unlinked: {}
Unlinking: /home/pal/intership_project/devel/share/navigation/cmake/navigationConfig.cmake
Already unlinked: {}
Unlinking: /home/pal/intership_project/devel/share/navigation/cmake/navigationConfig-version.cmake
Already unlinked: {}
Unlinking: /home/pal/intership_project/devel/share/navigation/cmake/navigation-msg-paths.cmake
Already unlinked: {}
Unlinking: /home/pal/intership_project/devel/share/navigation/cmake/navigation-msg-extras.cmake
Already unlinked: {}
Unlinking: /home/pal/intership_project/devel/share/navigation/msg/LocalisationActionResult.msg
Already unlinked: {}
Unlinking: /home/pal/intership_project/devel/share/navigation/msg/NavigationActionFeedback.msg
Already unlinked: {}
Unlinking: /home/pal/intership_project/devel/share/navigation/msg/NavigationGoal.msg
Already unlinked: {}
Unlinking: /home/pal/intership_project/devel/share/navigation/msg/NavigationAction.msg
Already unlinked: {}
Unlinking: /home/pal/intership_project/devel/share/navigation/msg/NavigationActionResult.msg
Already unlinked: {}
Unlinking: /home/pal/intership_project/devel/share/navigation/msg/LocalisationActionGoal.msg
Already unlinked: {}
Unlinking: /home/pal/intership_project/devel/share/navigation/msg/NavigationResult.msg
Already unlinked: {}
Unlinking: /home/pal/intership_project/devel/share/navigation/msg/LocalisationGoal.msg
Already unlinked: {}
Unlinking: /home/pal/intership_project/devel/share/navigation/msg/NavigationActionGoal.msg
Already unlinked: {}
Unlinking: /home/pal/intership_project/devel/share/navigation/msg/LocalisationFeedback.msg
Already unlinked: {}
Unlinking: /home/pal/intership_project/devel/share/navigation/msg/LocalisationAction.msg
Already unlinked: {}
Unlinking: /home/pal/intership_project/devel/share/navigation/msg/NavigationFeedback.msg
Already unlinked: {}
Unlinking: /home/pal/intership_project/devel/share/navigation/msg/LocalisationResult.msg
Already unlinked: {}
Unlinking: /home/pal/intership_project/devel/share/navigation/msg/LocalisationActionFeedback.msg
Already unlinked: {}
Unlinking: /home/pal/intership_project/devel/lib/pkgconfig/navigation.pc
Already unlinked: {}
Unlinking: /home/pal/intership_project/devel/lib/python2.7/dist-packages/navigation/__init__.py
Already unlinked: {}
Unlinking: /home/pal/intership_project/devel/lib/python2.7/dist-packages/navigation/srv/_move_base.py
Already unlinked: {}
Unlinking: /home/pal/intership_project/devel/lib/python2.7/dist-packages/navigation/srv/__init__.py
Already unlinked: {}
Unlinking: /home/pal/intership_project/devel/lib/python2.7/dist-packages/navigation/msg/_NavigationAction.py
Already unlinked: {}
Unlinking: /home/pal/intership_project/devel/lib/python2.7/dist-packages/navigation/msg/_NavigationResult.py
Already unlinked: {}
Unlinking: /home/pal/intership_project/devel/lib/python2.7/dist-packages/navigation/msg/_NavigationActionResult.py
Already unlinked: {}
Unlinking: /home/pal/intership_project/devel/lib/python2.7/dist-packages/navigation/msg/_LocalisationActionResult.py
Already unlinked: {}
Unlinking: /home/pal/intership_project/devel/lib/python2.7/dist-packages/navigation/msg/_LocalisationActionFeedback.py
Already unlinked: {}
Unlinking: /home/pal/intership_project/devel/lib/python2.7/dist-packages/navigation/msg/_LocalisationFeedback.py
Already unlinked: {}
Unlinking: /home/pal/intership_project/devel/lib/python2.7/dist-packages/navigation/msg/_LocalisationAction.py
Already unlinked: {}
Unlinking: /home/pal/intership_project/devel/lib/python2.7/dist-packages/navigation/msg/_LocalisationActionGoal.py
Already unlinked: {}
Unlinking: /home/pal/intership_project/devel/lib/python2.7/dist-packages/navigation/msg/_NavigationActionGoal.py
Already unlinked: {}
Unlinking: /home/pal/intership_project/devel/lib/python2.7/dist-packages/navigation/msg/_LocalisationResult.py
Already unlinked: {}
Unlinking: /home/pal/intership_project/devel/lib/python2.7/dist-packages/navigation/msg/_NavigationGoal.py
Already unlinked: {}
Unlinking: /home/pal/intership_project/devel/lib/python2.7/dist-packages/navigation/msg/_LocalisationGoal.py
Already unlinked: {}
Unlinking: /home/pal/intership_project/devel/lib/python2.7/dist-packages/navigation/msg/_NavigationActionFeedback.py
Already unlinked: {}
Unlinking: /home/pal/intership_project/devel/lib/python2.7/dist-packages/navigation/msg/__init__.py
Already unlinked: {}
Unlinking: /home/pal/intership_project/devel/lib/python2.7/dist-packages/navigation/msg/_NavigationFeedback.py
Already unlinked: {}
