Linked: (/home/pal/intership_project/devel/.private/navigation/include/navigation/move_baseRequest.h, /home/pal/intership_project/devel/include/navigation/move_baseRequest.h)
Linked: (/home/pal/intership_project/devel/.private/navigation/include/navigation/NavigationActionResult.h, /home/pal/intership_project/devel/include/navigation/NavigationActionResult.h)
Linked: (/home/pal/intership_project/devel/.private/navigation/include/navigation/move_base.h, /home/pal/intership_project/devel/include/navigation/move_base.h)
Linked: (/home/pal/intership_project/devel/.private/navigation/include/navigation/NavigationResult.h, /home/pal/intership_project/devel/include/navigation/NavigationResult.h)
Linked: (/home/pal/intership_project/devel/.private/navigation/include/navigation/NavigationFeedback.h, /home/pal/intership_project/devel/include/navigation/NavigationFeedback.h)
Linked: (/home/pal/intership_project/devel/.private/navigation/include/navigation/LocalisationFeedback.h, /home/pal/intership_project/devel/include/navigation/LocalisationFeedback.h)
Linked: (/home/pal/intership_project/devel/.private/navigation/include/navigation/LocalisationActionResult.h, /home/pal/intership_project/devel/include/navigation/LocalisationActionResult.h)
Linked: (/home/pal/intership_project/devel/.private/navigation/include/navigation/LocalisationResult.h, /home/pal/intership_project/devel/include/navigation/LocalisationResult.h)
Linked: (/home/pal/intership_project/devel/.private/navigation/include/navigation/LocalisationActionGoal.h, /home/pal/intership_project/devel/include/navigation/LocalisationActionGoal.h)
Linked: (/home/pal/intership_project/devel/.private/navigation/include/navigation/move_baseResponse.h, /home/pal/intership_project/devel/include/navigation/move_baseResponse.h)
Linked: (/home/pal/intership_project/devel/.private/navigation/include/navigation/LocalisationActionFeedback.h, /home/pal/intership_project/devel/include/navigation/LocalisationActionFeedback.h)
Linked: (/home/pal/intership_project/devel/.private/navigation/include/navigation/LocalisationGoal.h, /home/pal/intership_project/devel/include/navigation/LocalisationGoal.h)
Linked: (/home/pal/intership_project/devel/.private/navigation/include/navigation/NavigationGoal.h, /home/pal/intership_project/devel/include/navigation/NavigationGoal.h)
Linked: (/home/pal/intership_project/devel/.private/navigation/include/navigation/LocalisationAction.h, /home/pal/intership_project/devel/include/navigation/LocalisationAction.h)
Linked: (/home/pal/intership_project/devel/.private/navigation/include/navigation/NavigationAction.h, /home/pal/intership_project/devel/include/navigation/NavigationAction.h)
Linked: (/home/pal/intership_project/devel/.private/navigation/include/navigation/NavigationActionGoal.h, /home/pal/intership_project/devel/include/navigation/NavigationActionGoal.h)
Linked: (/home/pal/intership_project/devel/.private/navigation/include/navigation/NavigationActionFeedback.h, /home/pal/intership_project/devel/include/navigation/NavigationActionFeedback.h)
Linked: (/home/pal/intership_project/devel/.private/navigation/share/common-lisp/ros/navigation/srv/_package.lisp, /home/pal/intership_project/devel/share/common-lisp/ros/navigation/srv/_package.lisp)
Linked: (/home/pal/intership_project/devel/.private/navigation/share/common-lisp/ros/navigation/srv/_package_move_base.lisp, /home/pal/intership_project/devel/share/common-lisp/ros/navigation/srv/_package_move_base.lisp)
Linked: (/home/pal/intership_project/devel/.private/navigation/share/common-lisp/ros/navigation/srv/move_base.lisp, /home/pal/intership_project/devel/share/common-lisp/ros/navigation/srv/move_base.lisp)
Linked: (/home/pal/intership_project/devel/.private/navigation/share/common-lisp/ros/navigation/srv/navigation-srv.asd, /home/pal/intership_project/devel/share/common-lisp/ros/navigation/srv/navigation-srv.asd)
Linked: (/home/pal/intership_project/devel/.private/navigation/share/common-lisp/ros/navigation/msg/NavigationActionResult.lisp, /home/pal/intership_project/devel/share/common-lisp/ros/navigation/msg/NavigationActionResult.lisp)
Linked: (/home/pal/intership_project/devel/.private/navigation/share/common-lisp/ros/navigation/msg/LocalisationFeedback.lisp, /home/pal/intership_project/devel/share/common-lisp/ros/navigation/msg/LocalisationFeedback.lisp)
Linked: (/home/pal/intership_project/devel/.private/navigation/share/common-lisp/ros/navigation/msg/LocalisationActionGoal.lisp, /home/pal/intership_project/devel/share/common-lisp/ros/navigation/msg/LocalisationActionGoal.lisp)
Linked: (/home/pal/intership_project/devel/.private/navigation/share/common-lisp/ros/navigation/msg/NavigationActionGoal.lisp, /home/pal/intership_project/devel/share/common-lisp/ros/navigation/msg/NavigationActionGoal.lisp)
Linked: (/home/pal/intership_project/devel/.private/navigation/share/common-lisp/ros/navigation/msg/_package_NavigationAction.lisp, /home/pal/intership_project/devel/share/common-lisp/ros/navigation/msg/_package_NavigationAction.lisp)
Linked: (/home/pal/intership_project/devel/.private/navigation/share/common-lisp/ros/navigation/msg/_package_LocalisationAction.lisp, /home/pal/intership_project/devel/share/common-lisp/ros/navigation/msg/_package_LocalisationAction.lisp)
Linked: (/home/pal/intership_project/devel/.private/navigation/share/common-lisp/ros/navigation/msg/_package_LocalisationGoal.lisp, /home/pal/intership_project/devel/share/common-lisp/ros/navigation/msg/_package_LocalisationGoal.lisp)
Linked: (/home/pal/intership_project/devel/.private/navigation/share/common-lisp/ros/navigation/msg/LocalisationAction.lisp, /home/pal/intership_project/devel/share/common-lisp/ros/navigation/msg/LocalisationAction.lisp)
Linked: (/home/pal/intership_project/devel/.private/navigation/share/common-lisp/ros/navigation/msg/_package_LocalisationActionGoal.lisp, /home/pal/intership_project/devel/share/common-lisp/ros/navigation/msg/_package_LocalisationActionGoal.lisp)
Linked: (/home/pal/intership_project/devel/.private/navigation/share/common-lisp/ros/navigation/msg/_package_NavigationFeedback.lisp, /home/pal/intership_project/devel/share/common-lisp/ros/navigation/msg/_package_NavigationFeedback.lisp)
Linked: (/home/pal/intership_project/devel/.private/navigation/share/common-lisp/ros/navigation/msg/_package_LocalisationResult.lisp, /home/pal/intership_project/devel/share/common-lisp/ros/navigation/msg/_package_LocalisationResult.lisp)
Linked: (/home/pal/intership_project/devel/.private/navigation/share/common-lisp/ros/navigation/msg/_package_NavigationGoal.lisp, /home/pal/intership_project/devel/share/common-lisp/ros/navigation/msg/_package_NavigationGoal.lisp)
Linked: (/home/pal/intership_project/devel/.private/navigation/share/common-lisp/ros/navigation/msg/_package_NavigationResult.lisp, /home/pal/intership_project/devel/share/common-lisp/ros/navigation/msg/_package_NavigationResult.lisp)
Linked: (/home/pal/intership_project/devel/.private/navigation/share/common-lisp/ros/navigation/msg/NavigationAction.lisp, /home/pal/intership_project/devel/share/common-lisp/ros/navigation/msg/NavigationAction.lisp)
Linked: (/home/pal/intership_project/devel/.private/navigation/share/common-lisp/ros/navigation/msg/NavigationResult.lisp, /home/pal/intership_project/devel/share/common-lisp/ros/navigation/msg/NavigationResult.lisp)
Linked: (/home/pal/intership_project/devel/.private/navigation/share/common-lisp/ros/navigation/msg/LocalisationGoal.lisp, /home/pal/intership_project/devel/share/common-lisp/ros/navigation/msg/LocalisationGoal.lisp)
Linked: (/home/pal/intership_project/devel/.private/navigation/share/common-lisp/ros/navigation/msg/_package_NavigationActionResult.lisp, /home/pal/intership_project/devel/share/common-lisp/ros/navigation/msg/_package_NavigationActionResult.lisp)
Linked: (/home/pal/intership_project/devel/.private/navigation/share/common-lisp/ros/navigation/msg/_package_NavigationActionGoal.lisp, /home/pal/intership_project/devel/share/common-lisp/ros/navigation/msg/_package_NavigationActionGoal.lisp)
Linked: (/home/pal/intership_project/devel/.private/navigation/share/common-lisp/ros/navigation/msg/LocalisationActionFeedback.lisp, /home/pal/intership_project/devel/share/common-lisp/ros/navigation/msg/LocalisationActionFeedback.lisp)
Linked: (/home/pal/intership_project/devel/.private/navigation/share/common-lisp/ros/navigation/msg/NavigationActionFeedback.lisp, /home/pal/intership_project/devel/share/common-lisp/ros/navigation/msg/NavigationActionFeedback.lisp)
Linked: (/home/pal/intership_project/devel/.private/navigation/share/common-lisp/ros/navigation/msg/LocalisationResult.lisp, /home/pal/intership_project/devel/share/common-lisp/ros/navigation/msg/LocalisationResult.lisp)
Linked: (/home/pal/intership_project/devel/.private/navigation/share/common-lisp/ros/navigation/msg/navigation-msg.asd, /home/pal/intership_project/devel/share/common-lisp/ros/navigation/msg/navigation-msg.asd)
Linked: (/home/pal/intership_project/devel/.private/navigation/share/common-lisp/ros/navigation/msg/_package.lisp, /home/pal/intership_project/devel/share/common-lisp/ros/navigation/msg/_package.lisp)
Linked: (/home/pal/intership_project/devel/.private/navigation/share/common-lisp/ros/navigation/msg/LocalisationActionResult.lisp, /home/pal/intership_project/devel/share/common-lisp/ros/navigation/msg/LocalisationActionResult.lisp)
Linked: (/home/pal/intership_project/devel/.private/navigation/share/common-lisp/ros/navigation/msg/_package_LocalisationActionResult.lisp, /home/pal/intership_project/devel/share/common-lisp/ros/navigation/msg/_package_LocalisationActionResult.lisp)
Linked: (/home/pal/intership_project/devel/.private/navigation/share/common-lisp/ros/navigation/msg/NavigationFeedback.lisp, /home/pal/intership_project/devel/share/common-lisp/ros/navigation/msg/NavigationFeedback.lisp)
Linked: (/home/pal/intership_project/devel/.private/navigation/share/common-lisp/ros/navigation/msg/NavigationGoal.lisp, /home/pal/intership_project/devel/share/common-lisp/ros/navigation/msg/NavigationGoal.lisp)
Linked: (/home/pal/intership_project/devel/.private/navigation/share/common-lisp/ros/navigation/msg/_package_LocalisationActionFeedback.lisp, /home/pal/intership_project/devel/share/common-lisp/ros/navigation/msg/_package_LocalisationActionFeedback.lisp)
Linked: (/home/pal/intership_project/devel/.private/navigation/share/common-lisp/ros/navigation/msg/_package_LocalisationFeedback.lisp, /home/pal/intership_project/devel/share/common-lisp/ros/navigation/msg/_package_LocalisationFeedback.lisp)
Linked: (/home/pal/intership_project/devel/.private/navigation/share/common-lisp/ros/navigation/msg/_package_NavigationActionFeedback.lisp, /home/pal/intership_project/devel/share/common-lisp/ros/navigation/msg/_package_NavigationActionFeedback.lisp)
Linked: (/home/pal/intership_project/devel/.private/navigation/share/gennodejs/ros/navigation/_index.js, /home/pal/intership_project/devel/share/gennodejs/ros/navigation/_index.js)
Linked: (/home/pal/intership_project/devel/.private/navigation/share/gennodejs/ros/navigation/srv/_index.js, /home/pal/intership_project/devel/share/gennodejs/ros/navigation/srv/_index.js)
Linked: (/home/pal/intership_project/devel/.private/navigation/share/gennodejs/ros/navigation/srv/move_base.js, /home/pal/intership_project/devel/share/gennodejs/ros/navigation/srv/move_base.js)
Linked: (/home/pal/intership_project/devel/.private/navigation/share/gennodejs/ros/navigation/msg/NavigationResult.js, /home/pal/intership_project/devel/share/gennodejs/ros/navigation/msg/NavigationResult.js)
Linked: (/home/pal/intership_project/devel/.private/navigation/share/gennodejs/ros/navigation/msg/LocalisationFeedback.js, /home/pal/intership_project/devel/share/gennodejs/ros/navigation/msg/LocalisationFeedback.js)
Linked: (/home/pal/intership_project/devel/.private/navigation/share/gennodejs/ros/navigation/msg/NavigationActionResult.js, /home/pal/intership_project/devel/share/gennodejs/ros/navigation/msg/NavigationActionResult.js)
Linked: (/home/pal/intership_project/devel/.private/navigation/share/gennodejs/ros/navigation/msg/NavigationActionGoal.js, /home/pal/intership_project/devel/share/gennodejs/ros/navigation/msg/NavigationActionGoal.js)
Linked: (/home/pal/intership_project/devel/.private/navigation/share/gennodejs/ros/navigation/msg/LocalisationResult.js, /home/pal/intership_project/devel/share/gennodejs/ros/navigation/msg/LocalisationResult.js)
Linked: (/home/pal/intership_project/devel/.private/navigation/share/gennodejs/ros/navigation/msg/_index.js, /home/pal/intership_project/devel/share/gennodejs/ros/navigation/msg/_index.js)
Linked: (/home/pal/intership_project/devel/.private/navigation/share/gennodejs/ros/navigation/msg/NavigationGoal.js, /home/pal/intership_project/devel/share/gennodejs/ros/navigation/msg/NavigationGoal.js)
Linked: (/home/pal/intership_project/devel/.private/navigation/share/gennodejs/ros/navigation/msg/LocalisationActionResult.js, /home/pal/intership_project/devel/share/gennodejs/ros/navigation/msg/LocalisationActionResult.js)
Linked: (/home/pal/intership_project/devel/.private/navigation/share/gennodejs/ros/navigation/msg/LocalisationActionGoal.js, /home/pal/intership_project/devel/share/gennodejs/ros/navigation/msg/LocalisationActionGoal.js)
Linked: (/home/pal/intership_project/devel/.private/navigation/share/gennodejs/ros/navigation/msg/LocalisationActionFeedback.js, /home/pal/intership_project/devel/share/gennodejs/ros/navigation/msg/LocalisationActionFeedback.js)
Linked: (/home/pal/intership_project/devel/.private/navigation/share/gennodejs/ros/navigation/msg/LocalisationAction.js, /home/pal/intership_project/devel/share/gennodejs/ros/navigation/msg/LocalisationAction.js)
Linked: (/home/pal/intership_project/devel/.private/navigation/share/gennodejs/ros/navigation/msg/NavigationAction.js, /home/pal/intership_project/devel/share/gennodejs/ros/navigation/msg/NavigationAction.js)
Linked: (/home/pal/intership_project/devel/.private/navigation/share/gennodejs/ros/navigation/msg/NavigationActionFeedback.js, /home/pal/intership_project/devel/share/gennodejs/ros/navigation/msg/NavigationActionFeedback.js)
Linked: (/home/pal/intership_project/devel/.private/navigation/share/gennodejs/ros/navigation/msg/LocalisationGoal.js, /home/pal/intership_project/devel/share/gennodejs/ros/navigation/msg/LocalisationGoal.js)
Linked: (/home/pal/intership_project/devel/.private/navigation/share/gennodejs/ros/navigation/msg/NavigationFeedback.js, /home/pal/intership_project/devel/share/gennodejs/ros/navigation/msg/NavigationFeedback.js)
Linked: (/home/pal/intership_project/devel/.private/navigation/share/roseus/ros/navigation/manifest.l, /home/pal/intership_project/devel/share/roseus/ros/navigation/manifest.l)
Linked: (/home/pal/intership_project/devel/.private/navigation/share/roseus/ros/navigation/srv/move_base.l, /home/pal/intership_project/devel/share/roseus/ros/navigation/srv/move_base.l)
Linked: (/home/pal/intership_project/devel/.private/navigation/share/roseus/ros/navigation/msg/LocalisationActionFeedback.l, /home/pal/intership_project/devel/share/roseus/ros/navigation/msg/LocalisationActionFeedback.l)
Linked: (/home/pal/intership_project/devel/.private/navigation/share/roseus/ros/navigation/msg/NavigationResult.l, /home/pal/intership_project/devel/share/roseus/ros/navigation/msg/NavigationResult.l)
Linked: (/home/pal/intership_project/devel/.private/navigation/share/roseus/ros/navigation/msg/LocalisationActionGoal.l, /home/pal/intership_project/devel/share/roseus/ros/navigation/msg/LocalisationActionGoal.l)
Linked: (/home/pal/intership_project/devel/.private/navigation/share/roseus/ros/navigation/msg/NavigationFeedback.l, /home/pal/intership_project/devel/share/roseus/ros/navigation/msg/NavigationFeedback.l)
Linked: (/home/pal/intership_project/devel/.private/navigation/share/roseus/ros/navigation/msg/LocalisationAction.l, /home/pal/intership_project/devel/share/roseus/ros/navigation/msg/LocalisationAction.l)
Linked: (/home/pal/intership_project/devel/.private/navigation/share/roseus/ros/navigation/msg/LocalisationFeedback.l, /home/pal/intership_project/devel/share/roseus/ros/navigation/msg/LocalisationFeedback.l)
Linked: (/home/pal/intership_project/devel/.private/navigation/share/roseus/ros/navigation/msg/NavigationActionFeedback.l, /home/pal/intership_project/devel/share/roseus/ros/navigation/msg/NavigationActionFeedback.l)
Linked: (/home/pal/intership_project/devel/.private/navigation/share/roseus/ros/navigation/msg/LocalisationResult.l, /home/pal/intership_project/devel/share/roseus/ros/navigation/msg/LocalisationResult.l)
Linked: (/home/pal/intership_project/devel/.private/navigation/share/roseus/ros/navigation/msg/NavigationGoal.l, /home/pal/intership_project/devel/share/roseus/ros/navigation/msg/NavigationGoal.l)
Linked: (/home/pal/intership_project/devel/.private/navigation/share/roseus/ros/navigation/msg/NavigationActionResult.l, /home/pal/intership_project/devel/share/roseus/ros/navigation/msg/NavigationActionResult.l)
Linked: (/home/pal/intership_project/devel/.private/navigation/share/roseus/ros/navigation/msg/NavigationActionGoal.l, /home/pal/intership_project/devel/share/roseus/ros/navigation/msg/NavigationActionGoal.l)
Linked: (/home/pal/intership_project/devel/.private/navigation/share/roseus/ros/navigation/msg/LocalisationGoal.l, /home/pal/intership_project/devel/share/roseus/ros/navigation/msg/LocalisationGoal.l)
Linked: (/home/pal/intership_project/devel/.private/navigation/share/roseus/ros/navigation/msg/LocalisationActionResult.l, /home/pal/intership_project/devel/share/roseus/ros/navigation/msg/LocalisationActionResult.l)
Linked: (/home/pal/intership_project/devel/.private/navigation/share/roseus/ros/navigation/msg/NavigationAction.l, /home/pal/intership_project/devel/share/roseus/ros/navigation/msg/NavigationAction.l)
Linked: (/home/pal/intership_project/devel/.private/navigation/share/navigation/cmake/navigationConfig.cmake, /home/pal/intership_project/devel/share/navigation/cmake/navigationConfig.cmake)
Linked: (/home/pal/intership_project/devel/.private/navigation/share/navigation/cmake/navigationConfig-version.cmake, /home/pal/intership_project/devel/share/navigation/cmake/navigationConfig-version.cmake)
Linked: (/home/pal/intership_project/devel/.private/navigation/share/navigation/cmake/navigation-msg-paths.cmake, /home/pal/intership_project/devel/share/navigation/cmake/navigation-msg-paths.cmake)
Linked: (/home/pal/intership_project/devel/.private/navigation/share/navigation/cmake/navigation-msg-extras.cmake, /home/pal/intership_project/devel/share/navigation/cmake/navigation-msg-extras.cmake)
Linked: (/home/pal/intership_project/devel/.private/navigation/share/navigation/msg/LocalisationActionResult.msg, /home/pal/intership_project/devel/share/navigation/msg/LocalisationActionResult.msg)
Linked: (/home/pal/intership_project/devel/.private/navigation/share/navigation/msg/NavigationActionFeedback.msg, /home/pal/intership_project/devel/share/navigation/msg/NavigationActionFeedback.msg)
Linked: (/home/pal/intership_project/devel/.private/navigation/share/navigation/msg/NavigationGoal.msg, /home/pal/intership_project/devel/share/navigation/msg/NavigationGoal.msg)
Linked: (/home/pal/intership_project/devel/.private/navigation/share/navigation/msg/NavigationAction.msg, /home/pal/intership_project/devel/share/navigation/msg/NavigationAction.msg)
Linked: (/home/pal/intership_project/devel/.private/navigation/share/navigation/msg/NavigationActionResult.msg, /home/pal/intership_project/devel/share/navigation/msg/NavigationActionResult.msg)
Linked: (/home/pal/intership_project/devel/.private/navigation/share/navigation/msg/LocalisationActionGoal.msg, /home/pal/intership_project/devel/share/navigation/msg/LocalisationActionGoal.msg)
Linked: (/home/pal/intership_project/devel/.private/navigation/share/navigation/msg/NavigationResult.msg, /home/pal/intership_project/devel/share/navigation/msg/NavigationResult.msg)
Linked: (/home/pal/intership_project/devel/.private/navigation/share/navigation/msg/LocalisationGoal.msg, /home/pal/intership_project/devel/share/navigation/msg/LocalisationGoal.msg)
Linked: (/home/pal/intership_project/devel/.private/navigation/share/navigation/msg/NavigationActionGoal.msg, /home/pal/intership_project/devel/share/navigation/msg/NavigationActionGoal.msg)
Linked: (/home/pal/intership_project/devel/.private/navigation/share/navigation/msg/LocalisationFeedback.msg, /home/pal/intership_project/devel/share/navigation/msg/LocalisationFeedback.msg)
Linked: (/home/pal/intership_project/devel/.private/navigation/share/navigation/msg/LocalisationAction.msg, /home/pal/intership_project/devel/share/navigation/msg/LocalisationAction.msg)
Linked: (/home/pal/intership_project/devel/.private/navigation/share/navigation/msg/NavigationFeedback.msg, /home/pal/intership_project/devel/share/navigation/msg/NavigationFeedback.msg)
Linked: (/home/pal/intership_project/devel/.private/navigation/share/navigation/msg/LocalisationResult.msg, /home/pal/intership_project/devel/share/navigation/msg/LocalisationResult.msg)
Linked: (/home/pal/intership_project/devel/.private/navigation/share/navigation/msg/LocalisationActionFeedback.msg, /home/pal/intership_project/devel/share/navigation/msg/LocalisationActionFeedback.msg)
Linked: (/home/pal/intership_project/devel/.private/navigation/lib/pkgconfig/navigation.pc, /home/pal/intership_project/devel/lib/pkgconfig/navigation.pc)
Linked: (/home/pal/intership_project/devel/.private/navigation/lib/python2.7/dist-packages/navigation/__init__.py, /home/pal/intership_project/devel/lib/python2.7/dist-packages/navigation/__init__.py)
Linked: (/home/pal/intership_project/devel/.private/navigation/lib/python2.7/dist-packages/navigation/srv/_move_base.py, /home/pal/intership_project/devel/lib/python2.7/dist-packages/navigation/srv/_move_base.py)
Linked: (/home/pal/intership_project/devel/.private/navigation/lib/python2.7/dist-packages/navigation/srv/__init__.py, /home/pal/intership_project/devel/lib/python2.7/dist-packages/navigation/srv/__init__.py)
Linked: (/home/pal/intership_project/devel/.private/navigation/lib/python2.7/dist-packages/navigation/msg/_NavigationAction.py, /home/pal/intership_project/devel/lib/python2.7/dist-packages/navigation/msg/_NavigationAction.py)
Linked: (/home/pal/intership_project/devel/.private/navigation/lib/python2.7/dist-packages/navigation/msg/_NavigationResult.py, /home/pal/intership_project/devel/lib/python2.7/dist-packages/navigation/msg/_NavigationResult.py)
Linked: (/home/pal/intership_project/devel/.private/navigation/lib/python2.7/dist-packages/navigation/msg/_NavigationActionResult.py, /home/pal/intership_project/devel/lib/python2.7/dist-packages/navigation/msg/_NavigationActionResult.py)
Linked: (/home/pal/intership_project/devel/.private/navigation/lib/python2.7/dist-packages/navigation/msg/_LocalisationActionResult.py, /home/pal/intership_project/devel/lib/python2.7/dist-packages/navigation/msg/_LocalisationActionResult.py)
Linked: (/home/pal/intership_project/devel/.private/navigation/lib/python2.7/dist-packages/navigation/msg/_LocalisationActionFeedback.py, /home/pal/intership_project/devel/lib/python2.7/dist-packages/navigation/msg/_LocalisationActionFeedback.py)
Linked: (/home/pal/intership_project/devel/.private/navigation/lib/python2.7/dist-packages/navigation/msg/_LocalisationFeedback.py, /home/pal/intership_project/devel/lib/python2.7/dist-packages/navigation/msg/_LocalisationFeedback.py)
Linked: (/home/pal/intership_project/devel/.private/navigation/lib/python2.7/dist-packages/navigation/msg/_LocalisationAction.py, /home/pal/intership_project/devel/lib/python2.7/dist-packages/navigation/msg/_LocalisationAction.py)
Linked: (/home/pal/intership_project/devel/.private/navigation/lib/python2.7/dist-packages/navigation/msg/_LocalisationActionGoal.py, /home/pal/intership_project/devel/lib/python2.7/dist-packages/navigation/msg/_LocalisationActionGoal.py)
Linked: (/home/pal/intership_project/devel/.private/navigation/lib/python2.7/dist-packages/navigation/msg/_NavigationActionGoal.py, /home/pal/intership_project/devel/lib/python2.7/dist-packages/navigation/msg/_NavigationActionGoal.py)
Linked: (/home/pal/intership_project/devel/.private/navigation/lib/python2.7/dist-packages/navigation/msg/_LocalisationResult.py, /home/pal/intership_project/devel/lib/python2.7/dist-packages/navigation/msg/_LocalisationResult.py)
Linked: (/home/pal/intership_project/devel/.private/navigation/lib/python2.7/dist-packages/navigation/msg/_NavigationGoal.py, /home/pal/intership_project/devel/lib/python2.7/dist-packages/navigation/msg/_NavigationGoal.py)
Linked: (/home/pal/intership_project/devel/.private/navigation/lib/python2.7/dist-packages/navigation/msg/_LocalisationGoal.py, /home/pal/intership_project/devel/lib/python2.7/dist-packages/navigation/msg/_LocalisationGoal.py)
Linked: (/home/pal/intership_project/devel/.private/navigation/lib/python2.7/dist-packages/navigation/msg/_NavigationActionFeedback.py, /home/pal/intership_project/devel/lib/python2.7/dist-packages/navigation/msg/_NavigationActionFeedback.py)
Linked: (/home/pal/intership_project/devel/.private/navigation/lib/python2.7/dist-packages/navigation/msg/__init__.py, /home/pal/intership_project/devel/lib/python2.7/dist-packages/navigation/msg/__init__.py)
Linked: (/home/pal/intership_project/devel/.private/navigation/lib/python2.7/dist-packages/navigation/msg/_NavigationFeedback.py, /home/pal/intership_project/devel/lib/python2.7/dist-packages/navigation/msg/_NavigationFeedback.py)
